2011-03-09 01:45:48 [NOTICE] started job 1
2011-03-09 01:45:48 [TRACE]  # extents in LOOP-FILE, effective block size = 1024
2011-03-09 01:45:48 [TRACE]  # extent 		physical		 logical	  length	user_data
2011-03-09 01:45:48 [TRACE]         0	          48	          66	       1	(0)
2011-03-09 01:45:48 [TRACE]         1	          50	         525	       1	(0)
2011-03-09 01:45:48 [TRACE]         2	          51	         582	       1	(0)
2011-03-09 01:45:48 [TRACE]         3	          52	         647	       1	(0)
2011-03-09 01:45:48 [TRACE]         4	          53	         704	       1	(0)
2011-03-09 01:45:48 [TRACE]         5	          54	         756	       1	(0)
2011-03-09 01:45:48 [TRACE]         6	          56	         802	       1	(0)
2011-03-09 01:45:48 [TRACE]         7	          57	         855	       1	(0)
2011-03-09 01:45:48 [TRACE]         8	          58	         888	       1	(0)
2011-03-09 01:45:48 [TRACE]         9	          59	         904	       1	(0)
2011-03-09 01:45:48 [TRACE]        10	          60	         929	       1	(0)
2011-03-09 01:45:48 [TRACE]        11	          61	         975	       1	(0)
2011-03-09 01:45:48 [TRACE]        12	          62	        1005	       1	(0)
2011-03-09 01:45:48 [TRACE]        13	          64	        1034	       1	(0)
2011-03-09 01:45:48 [TRACE]        14	          65	        1058	       1	(0)
2011-03-09 01:45:48 [TRACE]        15	          66	        1083	       1	(0)
2011-03-09 01:45:48 [TRACE]        16	          67	        1107	       1	(0)
2011-03-09 01:45:48 [TRACE]        17	          68	        1156	       1	(0)
2011-03-09 01:45:48 [TRACE]        18	          69	        1208	       1	(0)
2011-03-09 01:45:48 [TRACE]        19	          70	        1257	       1	(0)
2011-03-09 01:45:48 [TRACE]        20	          72	        1301	       1	(0)
2011-03-09 01:45:48 [TRACE]        21	          73	        1345	       1	(0)
2011-03-09 01:45:48 [TRACE]        22	          74	        1359	       1	(0)
2011-03-09 01:45:48 [TRACE]        23	          75	        1394	       1	(0)
2011-03-09 01:45:48 [TRACE]        24	          76	        1427	       1	(0)
2011-03-09 01:45:48 [TRACE]        25	          77	        1467	       1	(0)
2011-03-09 01:45:48 [TRACE]        26	          78	        1524	       1	(0)
2011-03-09 01:45:48 [TRACE]        27	          80	        1566	       1	(0)
2011-03-09 01:45:48 [TRACE]        28	          81	        1583	       1	(0)
2011-03-09 01:45:48 [TRACE]        29	          82	        1616	       1	(0)
2011-03-09 01:45:48 [TRACE]        30	          83	        1665	       1	(0)
2011-03-09 01:45:48 [TRACE]        31	          84	        1694	       1	(0)
2011-03-09 01:45:48 [TRACE]        32	          85	        1730	       1	(0)
2011-03-09 01:45:48 [TRACE]        33	          86	        1752	       1	(0)
2011-03-09 01:45:48 [TRACE]        34	          87	        1806	       1	(0)
2011-03-09 01:45:48 [TRACE]        35	          89	         513	      12	(0)
2011-03-09 01:45:48 [TRACE]        36	         101	         526	      19	(0)
2011-03-09 01:45:48 [TRACE]        37	         120	          58	       1	(0)
2011-03-09 01:45:48 [TRACE]        38	         121	          60	       2	(0)
2011-03-09 01:45:48 [TRACE]        39	         123	         545	      37	(0)
2011-03-09 01:45:48 [TRACE]        40	         160	         583	      64	(0)
2011-03-09 01:45:48 [TRACE]        41	         224	         648	      56	(0)
2011-03-09 01:45:48 [TRACE]        42	         280	         705	      51	(0)
2011-03-09 01:45:48 [TRACE]        43	         331	         757	      45	(0)
2011-03-09 01:45:48 [TRACE]        44	         376	         803	      52	(0)
2011-03-09 01:45:48 [TRACE]        45	         428	         856	      32	(0)
2011-03-09 01:45:48 [TRACE]        46	         460	         889	      15	(0)
2011-03-09 01:45:48 [TRACE]        47	         475	         905	      24	(0)
2011-03-09 01:45:48 [TRACE]        48	         499	         930	      11	(0)
2011-03-09 01:45:48 [TRACE]        49	         511	          67	       1	(0)
2011-03-09 01:45:48 [TRACE]        50	         512	         941	      32	(0)
2011-03-09 01:45:48 [TRACE]        51	         545	         973	       2	(0)
2011-03-09 01:45:48 [TRACE]        52	         547	         976	      29	(0)
2011-03-09 01:45:48 [TRACE]        53	         576	        1006	      26	(0)
2011-03-09 01:45:48 [TRACE]        54	         602	        2047	       1	(0)
2011-03-09 01:45:48 [TRACE]        55	         603	           1	       3	(0)
2011-03-09 01:45:48 [TRACE]        56	         606	           0	       1	(0)
2011-03-09 01:45:48 [TRACE]        57	         607	        1984	      20	(0)
2011-03-09 01:45:48 [TRACE]        58	         627	        1032	       2	(0)
2011-03-09 01:45:48 [TRACE]        59	         629	        1035	      23	(0)
2011-03-09 01:45:48 [TRACE]        60	         652	        1059	      24	(0)
2011-03-09 01:45:48 [TRACE]        61	         676	        1084	      23	(0)
2011-03-09 01:45:48 [TRACE]        62	         699	        1108	       2	(0)
2011-03-09 01:45:48 [TRACE]        63	         701	        2004	       1	(0)
2011-03-09 01:45:48 [TRACE]        64	         702	        1110	      46	(0)
2011-03-09 01:45:48 [TRACE]        65	         748	        1157	      27	(0)
2011-03-09 01:45:48 [TRACE]        66	         775	        2005	      36	(0)
2011-03-09 01:45:48 [TRACE]        67	         811	        1184	      24	(0)
2011-03-09 01:45:48 [TRACE]        68	         835	        1209	      48	(0)
2011-03-09 01:45:48 [TRACE]        69	         883	        1258	      30	(0)
2011-03-09 01:45:48 [TRACE]        70	         913	        1854	       1	(0)
2011-03-09 01:45:48 [TRACE]        71	         914	        1288	      13	(0)
2011-03-09 01:45:48 [TRACE]        72	         927	        1302	      43	(0)
2011-03-09 01:45:48 [TRACE]        73	         970	        1346	      13	(0)
2011-03-09 01:45:48 [TRACE]        74	         983	        1360	       1	(0)
2011-03-09 01:45:48 [TRACE]        75	         984	        2041	       6	(0)
2011-03-09 01:45:48 [TRACE]        76	         991	          12	      22	(0)
2011-03-09 01:45:48 [TRACE]        77	        1013	        1361	       1	(0)
2011-03-09 01:45:48 [TRACE]        78	        1014	          34	      10	(0)
2011-03-09 01:45:48 [TRACE]        79	        1024	          45	       1	(0)
2011-03-09 01:45:48 [TRACE]        80	        1025	          44	       1	(0)
2011-03-09 01:45:48 [TRACE]        81	        1026	          46	      11	(0)
2011-03-09 01:45:48 [TRACE]        82	        1037	           4	       3	(0)
2011-03-09 01:45:48 [TRACE]        83	        1040	          10	       2	(0)
2011-03-09 01:45:48 [TRACE]        84	        1042	           7	       1	(0)
2011-03-09 01:45:48 [TRACE]        85	        1043	          57	       1	(0)
2011-03-09 01:45:48 [TRACE]        86	        1044	           9	       1	(0)
2011-03-09 01:45:48 [TRACE]        87	        1045	           8	       1	(0)
2011-03-09 01:45:48 [TRACE]        88	        1046	        1362	      32	(0)
2011-03-09 01:45:48 [TRACE]        89	        1078	        1395	      32	(0)
2011-03-09 01:45:48 [TRACE]        90	        1110	        1428	      39	(0)
2011-03-09 01:45:48 [TRACE]        91	        1149	        1468	      56	(0)
2011-03-09 01:45:48 [TRACE]        92	        1205	        1525	      41	(0)
2011-03-09 01:45:48 [TRACE]        93	        1246	        1567	      16	(0)
2011-03-09 01:45:48 [TRACE]        94	        1262	        1584	      32	(0)
2011-03-09 01:45:48 [TRACE]        95	        1294	        1617	      48	(0)
2011-03-09 01:45:48 [TRACE]        96	        1342	        1666	      18	(0)
2011-03-09 01:45:48 [TRACE]        97	        1360	          68	       1	(0)
2011-03-09 01:45:48 [TRACE]        98	        1361	        1684	      10	(0)
2011-03-09 01:45:48 [TRACE]        99	        1371	        1695	      35	(0)
2011-03-09 01:45:48 [TRACE]       100	        1406	        1731	      21	(0)
2011-03-09 01:45:48 [TRACE]       101	        1427	        1753	      53	(0)
2011-03-09 01:45:48 [TRACE]       102	        1480	        1807	      47	(0)
2011-03-09 01:45:48 [TRACE]       103	        1527	          59	       1	(0)
2011-03-09 01:45:48 [TRACE]       104	        1528	          62	       4	(0)
2011-03-09 01:45:48 [TRACE]       105	        1532	          69	      99	(0)
2011-03-09 01:45:48 [TRACE]       106	        1632	         168	       3	(0)
2011-03-09 01:45:48 [TRACE]       107	        1636	         171	     262	(0)
2011-03-09 01:45:48 [TRACE]  
2011-03-09 01:45:48 [TRACE]  # extents in DEVICE, effective block size = 1024
2011-03-09 01:45:48 [TRACE]  # extent 		physical		 logical	  length	user_data
2011-03-09 01:45:48 [TRACE]         0	           0	           0	      48	(0)
2011-03-09 01:45:48 [TRACE]         1	          49	          49	       1	(0)
2011-03-09 01:45:48 [TRACE]         2	          55	          55	       1	(0)
2011-03-09 01:45:48 [TRACE]         3	          63	          63	       1	(0)
2011-03-09 01:45:48 [TRACE]         4	          71	          71	       1	(0)
2011-03-09 01:45:48 [TRACE]         5	          79	          79	       1	(0)
2011-03-09 01:45:48 [TRACE]         6	          88	          88	       1	(0)
2011-03-09 01:45:48 [TRACE]         7	         510	         510	       1	(0)
2011-03-09 01:45:48 [TRACE]         8	         544	         544	       1	(0)
2011-03-09 01:45:48 [TRACE]         9	         990	         990	       1	(0)
2011-03-09 01:45:48 [TRACE]        10	        1903	        1903	       1	(0)
2011-03-09 01:45:48 [TRACE]  
2011-03-09 01:45:48 [TRACE]  # extents in LOOP-HOLES (INITIAL), effective block size = 1024
2011-03-09 01:45:48 [TRACE]  # extent 		physical		 logical	  length	user_data
2011-03-09 01:45:48 [TRACE]         0	         433	         433	      80	(0)
2011-03-09 01:45:48 [TRACE]         1	        1855	        1855	     129	(0)
2011-03-09 01:45:48 [TRACE]  
2011-03-09 01:45:48 [TRACE]  # extents in DEVICE (INVARIANT), effective block size = 1024
2011-03-09 01:45:48 [TRACE]  # extent 		physical		 logical	  length	user_data
2011-03-09 01:45:48 [TRACE]         0	         510	         510	       1	(0)
2011-03-09 01:45:48 [TRACE]         1	        1903	        1903	       1	(0)
2011-03-09 01:45:48 [TRACE]  
2011-03-09 01:45:48 [TRACE]  # no extents in LOOP-FILE (INVARIANT)
2011-03-09 01:45:48 [TRACE]  
2011-03-09 01:45:48 [TRACE]  # extents in LOOP-HOLES (AFTER INVARIANT), effective block size = 1024
2011-03-09 01:45:48 [TRACE]  # extent 		physical		 logical	  length	user_data
2011-03-09 01:45:48 [TRACE]         0	         433	         433	      77	(0)
2011-03-09 01:45:48 [TRACE]         1	         511	         511	       2	(0)
2011-03-09 01:45:48 [TRACE]         2	        1855	        1855	      48	(0)
2011-03-09 01:45:48 [TRACE]         3	        1904	        1904	      80	(0)
2011-03-09 01:45:48 [TRACE]  
2011-03-09 01:45:48 [TRACE]  # extents in DEVICE (RENUMBERED), effective block size = 1024
2011-03-09 01:45:48 [TRACE]  # extent 		physical		 logical	  length	user_data
2011-03-09 01:45:48 [TRACE]         0	           0	        1855	      48	(0)
2011-03-09 01:45:48 [TRACE]         1	          49	         511	       1	(0)
2011-03-09 01:45:48 [TRACE]         2	          55	         512	       1	(0)
2011-03-09 01:45:48 [TRACE]         3	          63	         433	       1	(0)
2011-03-09 01:45:48 [TRACE]         4	          71	         434	       1	(0)
2011-03-09 01:45:48 [TRACE]         5	          79	         435	       1	(0)
2011-03-09 01:45:48 [TRACE]         6	          88	         436	       1	(0)
2011-03-09 01:45:48 [TRACE]         7	         544	         437	       1	(0)
2011-03-09 01:45:48 [TRACE]         8	         990	         438	       1	(0)
2011-03-09 01:45:48 [TRACE]  
2011-03-09 01:45:48 [TRACE]  # no extents in DEVICE (NOTFITTING)
2011-03-09 01:45:48 [TRACE]  
2011-03-09 01:45:48 [TRACE]  # extents in LOOP-HOLES (FINAL), effective block size = 1024
2011-03-09 01:45:48 [TRACE]  # extent 		physical		 logical	  length	user_data
2011-03-09 01:45:48 [TRACE]         0	         439	         439	      71	(0)
2011-03-09 01:45:48 [TRACE]         1	        1904	        1904	      80	(0)
2011-03-09 01:45:48 [TRACE]  
2011-03-09 01:45:48 [TRACE]  # extents in DEVICE + LOOP-FILE (MERGED), effective block size = 1024
2011-03-09 01:45:48 [TRACE]  # extent 		physical		 logical	  length	user_data
2011-03-09 01:45:48 [TRACE]         0	           0	        1855	      48	(0)
2011-03-09 01:45:48 [TRACE]         1	          48	          66	       1	(1)
2011-03-09 01:45:48 [TRACE]         2	          49	         511	       1	(0)
2011-03-09 01:45:48 [TRACE]         3	          50	         525	       1	(1)
2011-03-09 01:45:48 [TRACE]         4	          51	         582	       1	(1)
2011-03-09 01:45:48 [TRACE]         5	          52	         647	       1	(1)
2011-03-09 01:45:48 [TRACE]         6	          53	         704	       1	(1)
2011-03-09 01:45:48 [TRACE]         7	          54	         756	       1	(1)
2011-03-09 01:45:48 [TRACE]         8	          55	         512	       1	(0)
2011-03-09 01:45:48 [TRACE]         9	          56	         802	       1	(1)
2011-03-09 01:45:48 [TRACE]        10	          57	         855	       1	(1)
2011-03-09 01:45:48 [TRACE]        11	          58	         888	       1	(1)
2011-03-09 01:45:48 [TRACE]        12	          59	         904	       1	(1)
2011-03-09 01:45:48 [TRACE]        13	          60	         929	       1	(1)
2011-03-09 01:45:48 [TRACE]        14	          61	         975	       1	(1)
2011-03-09 01:45:48 [TRACE]        15	          62	        1005	       1	(1)
2011-03-09 01:45:48 [TRACE]        16	          63	         433	       1	(0)
2011-03-09 01:45:48 [TRACE]        17	          64	        1034	       1	(1)
2011-03-09 01:45:48 [TRACE]        18	          65	        1058	       1	(1)
2011-03-09 01:45:48 [TRACE]        19	          66	        1083	       1	(1)
2011-03-09 01:45:48 [TRACE]        20	          67	        1107	       1	(1)
2011-03-09 01:45:48 [TRACE]        21	          68	        1156	       1	(1)
2011-03-09 01:45:48 [TRACE]        22	          69	        1208	       1	(1)
2011-03-09 01:45:48 [TRACE]        23	          70	        1257	       1	(1)
2011-03-09 01:45:48 [TRACE]        24	          71	         434	       1	(0)
2011-03-09 01:45:48 [TRACE]        25	          72	        1301	       1	(1)
2011-03-09 01:45:48 [TRACE]        26	          73	        1345	       1	(1)
2011-03-09 01:45:48 [TRACE]        27	          74	        1359	       1	(1)
2011-03-09 01:45:48 [TRACE]        28	          75	        1394	       1	(1)
2011-03-09 01:45:48 [TRACE]        29	          76	        1427	       1	(1)
2011-03-09 01:45:48 [TRACE]        30	          77	        1467	       1	(1)
2011-03-09 01:45:48 [TRACE]        31	          78	        1524	       1	(1)
2011-03-09 01:45:48 [TRACE]        32	          79	         435	       1	(0)
2011-03-09 01:45:48 [TRACE]        33	          80	        1566	       1	(1)
2011-03-09 01:45:48 [TRACE]        34	          81	        1583	       1	(1)
2011-03-09 01:45:48 [TRACE]        35	          82	        1616	       1	(1)
2011-03-09 01:45:48 [TRACE]        36	          83	        1665	       1	(1)
2011-03-09 01:45:48 [TRACE]        37	          84	        1694	       1	(1)
2011-03-09 01:45:48 [TRACE]        38	          85	        1730	       1	(1)
2011-03-09 01:45:48 [TRACE]        39	          86	        1752	       1	(1)
2011-03-09 01:45:48 [TRACE]        40	          87	        1806	       1	(1)
2011-03-09 01:45:48 [TRACE]        41	          88	         436	       1	(0)
2011-03-09 01:45:48 [TRACE]        42	          89	         513	      12	(1)
2011-03-09 01:45:48 [TRACE]        43	         101	         526	      19	(1)
2011-03-09 01:45:48 [TRACE]        44	         120	          58	       1	(1)
2011-03-09 01:45:48 [TRACE]        45	         121	          60	       2	(1)
2011-03-09 01:45:48 [TRACE]        46	         123	         545	      37	(1)
2011-03-09 01:45:48 [TRACE]        47	         160	         583	      64	(1)
2011-03-09 01:45:48 [TRACE]        48	         224	         648	      56	(1)
2011-03-09 01:45:48 [TRACE]        49	         280	         705	      51	(1)
2011-03-09 01:45:48 [TRACE]        50	         331	         757	      45	(1)
2011-03-09 01:45:48 [TRACE]        51	         376	         803	      52	(1)
2011-03-09 01:45:48 [TRACE]        52	         428	         856	      32	(1)
2011-03-09 01:45:48 [TRACE]        53	         460	         889	      15	(1)
2011-03-09 01:45:48 [TRACE]        54	         475	         905	      24	(1)
2011-03-09 01:45:48 [TRACE]        55	         499	         930	      11	(1)
2011-03-09 01:45:48 [TRACE]        56	         511	          67	       1	(1)
2011-03-09 01:45:48 [TRACE]        57	         512	         941	      32	(1)
2011-03-09 01:45:48 [TRACE]        58	         544	         437	       1	(0)
2011-03-09 01:45:48 [TRACE]        59	         545	         973	       2	(1)
2011-03-09 01:45:48 [TRACE]        60	         547	         976	      29	(1)
2011-03-09 01:45:48 [TRACE]        61	         576	        1006	      26	(1)
2011-03-09 01:45:48 [TRACE]        62	         602	        2047	       1	(1)
2011-03-09 01:45:48 [TRACE]        63	         603	           1	       3	(1)
2011-03-09 01:45:48 [TRACE]        64	         606	           0	       1	(1)
2011-03-09 01:45:48 [TRACE]        65	         607	        1984	      20	(1)
2011-03-09 01:45:48 [TRACE]        66	         627	        1032	       2	(1)
2011-03-09 01:45:48 [TRACE]        67	         629	        1035	      23	(1)
2011-03-09 01:45:48 [TRACE]        68	         652	        1059	      24	(1)
2011-03-09 01:45:48 [TRACE]        69	         676	        1084	      23	(1)
2011-03-09 01:45:48 [TRACE]        70	         699	        1108	       2	(1)
2011-03-09 01:45:48 [TRACE]        71	         701	        2004	       1	(1)
2011-03-09 01:45:48 [TRACE]        72	         702	        1110	      46	(1)
2011-03-09 01:45:48 [TRACE]        73	         748	        1157	      27	(1)
2011-03-09 01:45:48 [TRACE]        74	         775	        2005	      36	(1)
2011-03-09 01:45:48 [TRACE]        75	         811	        1184	      24	(1)
2011-03-09 01:45:48 [TRACE]        76	         835	        1209	      48	(1)
2011-03-09 01:45:48 [TRACE]        77	         883	        1258	      30	(1)
2011-03-09 01:45:48 [TRACE]        78	         913	        1854	       1	(1)
2011-03-09 01:45:48 [TRACE]        79	         914	        1288	      13	(1)
2011-03-09 01:45:48 [TRACE]        80	         927	        1302	      43	(1)
2011-03-09 01:45:48 [TRACE]        81	         970	        1346	      13	(1)
2011-03-09 01:45:48 [TRACE]        82	         983	        1360	       1	(1)
2011-03-09 01:45:48 [TRACE]        83	         984	        2041	       6	(1)
2011-03-09 01:45:48 [TRACE]        84	         990	         438	       1	(0)
2011-03-09 01:45:48 [TRACE]        85	         991	          12	      22	(1)
2011-03-09 01:45:48 [TRACE]        86	        1013	        1361	       1	(1)
2011-03-09 01:45:48 [TRACE]        87	        1014	          34	      10	(1)
2011-03-09 01:45:48 [TRACE]        88	        1024	          45	       1	(1)
2011-03-09 01:45:48 [TRACE]        89	        1025	          44	       1	(1)
2011-03-09 01:45:48 [TRACE]        90	        1026	          46	      11	(1)
2011-03-09 01:45:48 [TRACE]        91	        1037	           4	       3	(1)
2011-03-09 01:45:48 [TRACE]        92	        1040	          10	       2	(1)
2011-03-09 01:45:48 [TRACE]        93	        1042	           7	       1	(1)
2011-03-09 01:45:48 [TRACE]        94	        1043	          57	       1	(1)
2011-03-09 01:45:48 [TRACE]        95	        1044	           9	       1	(1)
2011-03-09 01:45:48 [TRACE]        96	        1045	           8	       1	(1)
2011-03-09 01:45:48 [TRACE]        97	        1046	        1362	      32	(1)
2011-03-09 01:45:48 [TRACE]        98	        1078	        1395	      32	(1)
2011-03-09 01:45:48 [TRACE]        99	        1110	        1428	      39	(1)
2011-03-09 01:45:48 [TRACE]       100	        1149	        1468	      56	(1)
2011-03-09 01:45:48 [TRACE]       101	        1205	        1525	      41	(1)
2011-03-09 01:45:48 [TRACE]       102	        1246	        1567	      16	(1)
2011-03-09 01:45:48 [TRACE]       103	        1262	        1584	      32	(1)
2011-03-09 01:45:48 [TRACE]       104	        1294	        1617	      48	(1)
2011-03-09 01:45:48 [TRACE]       105	        1342	        1666	      18	(1)
2011-03-09 01:45:48 [TRACE]       106	        1360	          68	       1	(1)
2011-03-09 01:45:48 [TRACE]       107	        1361	        1684	      10	(1)
2011-03-09 01:45:48 [TRACE]       108	        1371	        1695	      35	(1)
2011-03-09 01:45:48 [TRACE]       109	        1406	        1731	      21	(1)
2011-03-09 01:45:48 [TRACE]       110	        1427	        1753	      53	(1)
2011-03-09 01:45:48 [TRACE]       111	        1480	        1807	      47	(1)
2011-03-09 01:45:48 [TRACE]       112	        1527	          59	       1	(1)
2011-03-09 01:45:48 [TRACE]       113	        1528	          62	       4	(1)
2011-03-09 01:45:48 [TRACE]       114	        1532	          69	      99	(1)
2011-03-09 01:45:48 [TRACE]       115	        1632	         168	       3	(1)
2011-03-09 01:45:48 [TRACE]       116	        1636	         171	     262	(1)
2011-03-09 01:45:48 [TRACE]  
