2011-03-13 02:15:51 NOTICE [job.init(97)] starting job 36
2011-03-13 02:15:51 INFO   [job.init(98)] job persistent data and logs will be in './.fstransform/job.36'
2011-03-13 02:15:51 DEBUG  [io/io_posix.open(115)] DEVICE length is 2.00 megabytes
2011-03-13 02:15:51 INFO   [transform.run(391)] analyzing DEVICE, this may take some minutes ...
2011-03-13 02:15:51 DEBUG  [io/extent_posix.ff_linux_fiemap_allocate_and_ioctl(149)] ioctl(5, FS_IOC_FIEMAP, extents[0]) failed (Operation not supported), falling back on ioctl(FIBMAP) ...
2011-03-13 02:15:51 DEBUG  [io/extent_posix.ff_posix_fibmap(121)] ioctl(5, FIBMAP) succeeded
2011-03-13 02:15:51 DEBUG  [io/extent_posix.ff_linux_fiemap_allocate_and_ioctl(149)] ioctl(6, FS_IOC_FIEMAP, extents[0]) failed (Operation not supported), falling back on ioctl(FIBMAP) ...
2011-03-13 02:15:51 DEBUG  [io/extent_posix.ff_posix_fibmap(121)] ioctl(6, FIBMAP) succeeded
2011-03-13 02:15:51 DEBUG  [io/io.read_extents(75)] DEVICE effective block size = 1024
2011-03-13 02:15:51 DEBUG  [work<T>.show(47)] #  104 extents in LOOP-FILE, effective block size = 1024
2011-03-13 02:15:51 TRACE  [work<T>.show(50)] # extent 		physical		 logical	  length	user_data
2011-03-13 02:15:51 TRACE  [work<T>.show(57)]        0	          48	           1	       3	(0)
2011-03-13 02:15:51 TRACE  [work<T>.show(57)]        1	          51	           0	       1	(0)
2011-03-13 02:15:51 TRACE  [work<T>.show(57)]        2	          54	        1984	      64	(0)
2011-03-13 02:15:51 TRACE  [work<T>.show(57)]        3	         119	          12	      32	(0)
2011-03-13 02:15:51 TRACE  [work<T>.show(57)]        4	         151	          45	       1	(0)
2011-03-13 02:15:51 TRACE  [work<T>.show(57)]        5	         152	          44	       1	(0)
2011-03-13 02:15:51 TRACE  [work<T>.show(57)]        6	         153	          46	      11	(0)
2011-03-13 02:15:51 TRACE  [work<T>.show(57)]        7	         164	           4	       3	(0)
2011-03-13 02:15:51 TRACE  [work<T>.show(57)]        8	         167	          10	       2	(0)
2011-03-13 02:15:51 TRACE  [work<T>.show(57)]        9	         169	           7	       1	(0)
2011-03-13 02:15:51 TRACE  [work<T>.show(57)]       10	         170	          57	       1	(0)
2011-03-13 02:15:51 TRACE  [work<T>.show(57)]       11	         171	           9	       1	(0)
2011-03-13 02:15:51 TRACE  [work<T>.show(57)]       12	         172	           8	       1	(0)
2011-03-13 02:15:51 TRACE  [work<T>.show(57)]       13	         173	          73	       1	(0)
2011-03-13 02:15:51 TRACE  [work<T>.show(57)]       14	         174	         127	       1	(0)
2011-03-13 02:15:51 TRACE  [work<T>.show(57)]       15	         175	         165	       1	(0)
2011-03-13 02:15:51 TRACE  [work<T>.show(57)]       16	         176	         210	       1	(0)
2011-03-13 02:15:51 TRACE  [work<T>.show(57)]       17	         177	         246	       1	(0)
2011-03-13 02:15:51 TRACE  [work<T>.show(57)]       18	         179	         277	       1	(0)
2011-03-13 02:15:51 TRACE  [work<T>.show(57)]       19	         180	         339	       1	(0)
2011-03-13 02:15:51 TRACE  [work<T>.show(57)]       20	         181	         376	       1	(0)
2011-03-13 02:15:51 TRACE  [work<T>.show(57)]       21	         182	         420	       1	(0)
2011-03-13 02:15:51 TRACE  [work<T>.show(57)]       22	         183	         457	       1	(0)
2011-03-13 02:15:51 TRACE  [work<T>.show(57)]       23	         184	         494	       1	(0)
2011-03-13 02:15:51 TRACE  [work<T>.show(57)]       24	         186	         530	       1	(0)
2011-03-13 02:15:51 TRACE  [work<T>.show(57)]       25	         187	         579	       1	(0)
2011-03-13 02:15:51 TRACE  [work<T>.show(57)]       26	         188	         607	       1	(0)
2011-03-13 02:15:51 TRACE  [work<T>.show(57)]       27	         189	         624	       1	(0)
2011-03-13 02:15:51 TRACE  [work<T>.show(57)]       28	         190	         659	       1	(0)
2011-03-13 02:15:51 TRACE  [work<T>.show(57)]       29	         191	         727	       1	(0)
2011-03-13 02:15:51 TRACE  [work<T>.show(57)]       30	         192	         749	       1	(0)
2011-03-13 02:15:51 TRACE  [work<T>.show(57)]       31	         194	         805	       1	(0)
2011-03-13 02:15:51 TRACE  [work<T>.show(57)]       32	         195	         846	       1	(0)
2011-03-13 02:15:51 TRACE  [work<T>.show(57)]       33	         196	         901	       1	(0)
2011-03-13 02:15:51 TRACE  [work<T>.show(57)]       34	         197	         915	       1	(0)
2011-03-13 02:15:51 TRACE  [work<T>.show(57)]       35	         198	         988	       1	(0)
2011-03-13 02:15:51 TRACE  [work<T>.show(57)]       36	         199	        1015	       1	(0)
2011-03-13 02:15:51 TRACE  [work<T>.show(57)]       37	         201	        1041	       1	(0)
2011-03-13 02:15:51 TRACE  [work<T>.show(57)]       38	         202	        1095	       1	(0)
2011-03-13 02:15:51 TRACE  [work<T>.show(57)]       39	         203	        1117	       1	(0)
2011-03-13 02:15:51 TRACE  [work<T>.show(57)]       40	         204	        1150	       1	(0)
2011-03-13 02:15:51 TRACE  [work<T>.show(57)]       41	         205	        1199	       1	(0)
2011-03-13 02:15:51 TRACE  [work<T>.show(57)]       42	         206	        1216	       1	(0)
2011-03-13 02:15:51 TRACE  [work<T>.show(57)]       43	         207	        1273	       1	(0)
2011-03-13 02:15:51 TRACE  [work<T>.show(57)]       44	         209	        1297	       1	(0)
2011-03-13 02:15:51 TRACE  [work<T>.show(57)]       45	         210	        1341	       1	(0)
2011-03-13 02:15:51 TRACE  [work<T>.show(57)]       46	         211	        1362	       1	(0)
2011-03-13 02:15:51 TRACE  [work<T>.show(57)]       47	         212	        1393	       1	(0)
2011-03-13 02:15:51 TRACE  [work<T>.show(57)]       48	         213	        1454	       1	(0)
2011-03-13 02:15:51 TRACE  [work<T>.show(57)]       49	         214	        1478	       1	(0)
2011-03-13 02:15:51 TRACE  [work<T>.show(57)]       50	         215	        1505	       1	(0)
2011-03-13 02:15:51 TRACE  [work<T>.show(57)]       51	         216	        1526	       1	(0)
2011-03-13 02:15:51 TRACE  [work<T>.show(57)]       52	         218	        1594	       1	(0)
2011-03-13 02:15:51 TRACE  [work<T>.show(57)]       53	         219	        1611	       1	(0)
2011-03-13 02:15:51 TRACE  [work<T>.show(57)]       54	         220	        1636	       1	(0)
2011-03-13 02:15:51 TRACE  [work<T>.show(57)]       55	         221	          58	       3	(0)
2011-03-13 02:15:51 TRACE  [work<T>.show(57)]       56	         224	         152	       1	(0)
2011-03-13 02:15:51 TRACE  [work<T>.show(57)]       57	         225	          61	      12	(0)
2011-03-13 02:15:51 TRACE  [work<T>.show(57)]       58	         237	          74	      53	(0)
2011-03-13 02:15:51 TRACE  [work<T>.show(57)]       59	         290	         128	      24	(0)
2011-03-13 02:15:51 TRACE  [work<T>.show(57)]       60	         314	         153	      12	(0)
2011-03-13 02:15:51 TRACE  [work<T>.show(57)]       61	         326	         166	      44	(0)
2011-03-13 02:15:51 TRACE  [work<T>.show(57)]       62	         370	         211	      35	(0)
2011-03-13 02:15:51 TRACE  [work<T>.show(57)]       63	         405	         247	      30	(0)
2011-03-13 02:15:51 TRACE  [work<T>.show(57)]       64	         435	         278	      43	(0)
2011-03-13 02:15:51 TRACE  [work<T>.show(57)]       65	         478	         867	       1	(0)
2011-03-13 02:15:51 TRACE  [work<T>.show(57)]       66	         479	         321	      18	(0)
2011-03-13 02:15:51 TRACE  [work<T>.show(57)]       67	         497	         340	      36	(0)
2011-03-13 02:15:51 TRACE  [work<T>.show(57)]       68	         533	         377	      43	(0)
2011-03-13 02:15:51 TRACE  [work<T>.show(57)]       69	         576	         421	      36	(0)
2011-03-13 02:15:51 TRACE  [work<T>.show(57)]       70	         612	         458	      36	(0)
2011-03-13 02:15:51 TRACE  [work<T>.show(57)]       71	         648	         495	      35	(0)
2011-03-13 02:15:51 TRACE  [work<T>.show(57)]       72	         683	         531	      48	(0)
2011-03-13 02:15:51 TRACE  [work<T>.show(57)]       73	         731	         580	      27	(0)
2011-03-13 02:15:51 TRACE  [work<T>.show(57)]       74	         758	         608	      16	(0)
2011-03-13 02:15:51 TRACE  [work<T>.show(57)]       75	         774	         625	      34	(0)
2011-03-13 02:15:51 TRACE  [work<T>.show(57)]       76	         808	         660	      67	(0)
2011-03-13 02:15:51 TRACE  [work<T>.show(57)]       77	         875	         728	      21	(0)
2011-03-13 02:15:51 TRACE  [work<T>.show(57)]       78	         896	         750	      55	(0)
2011-03-13 02:15:51 TRACE  [work<T>.show(57)]       79	         951	         806	      40	(0)
2011-03-13 02:15:51 TRACE  [work<T>.show(57)]       80	         991	         847	      20	(0)
2011-03-13 02:15:51 TRACE  [work<T>.show(57)]       81	        1011	         868	      33	(0)
2011-03-13 02:15:51 TRACE  [work<T>.show(57)]       82	        1044	         902	      13	(0)
2011-03-13 02:15:51 TRACE  [work<T>.show(57)]       83	        1057	         916	      72	(0)
2011-03-13 02:15:51 TRACE  [work<T>.show(57)]       84	        1129	         989	      26	(0)
2011-03-13 02:15:51 TRACE  [work<T>.show(57)]       85	        1155	        1016	      25	(0)
2011-03-13 02:15:51 TRACE  [work<T>.show(57)]       86	        1180	        1042	      53	(0)
2011-03-13 02:15:51 TRACE  [work<T>.show(57)]       87	        1233	        1096	      21	(0)
2011-03-13 02:15:51 TRACE  [work<T>.show(57)]       88	        1254	        1118	      32	(0)
2011-03-13 02:15:51 TRACE  [work<T>.show(57)]       89	        1286	        1151	      48	(0)
2011-03-13 02:15:51 TRACE  [work<T>.show(57)]       90	        1334	        1200	      16	(0)
2011-03-13 02:15:51 TRACE  [work<T>.show(57)]       91	        1350	        1217	      56	(0)
2011-03-13 02:15:51 TRACE  [work<T>.show(57)]       92	        1406	        1274	      23	(0)
2011-03-13 02:15:51 TRACE  [work<T>.show(57)]       93	        1429	        1298	      43	(0)
2011-03-13 02:15:51 TRACE  [work<T>.show(57)]       94	        1472	        1342	      20	(0)
2011-03-13 02:15:51 TRACE  [work<T>.show(57)]       95	        1492	        1363	      30	(0)
2011-03-13 02:15:51 TRACE  [work<T>.show(57)]       96	        1522	        1394	      60	(0)
2011-03-13 02:15:51 TRACE  [work<T>.show(57)]       97	        1582	        1455	      23	(0)
2011-03-13 02:15:51 TRACE  [work<T>.show(57)]       98	        1605	        1479	      26	(0)
2011-03-13 02:15:51 TRACE  [work<T>.show(57)]       99	        1631	        1506	      20	(0)
2011-03-13 02:15:51 TRACE  [work<T>.show(57)]      100	        1651	        1527	      67	(0)
2011-03-13 02:15:51 TRACE  [work<T>.show(57)]      101	        1718	        1595	      16	(0)
2011-03-13 02:15:51 TRACE  [work<T>.show(57)]      102	        1734	        1612	      24	(0)
2011-03-13 02:15:51 TRACE  [work<T>.show(57)]      103	        1758	        1637	      12	(0)
2011-03-13 02:15:51 TRACE  [work<T>.show(63)] 
2011-03-13 02:15:51 DEBUG  [work<T>.show(47)] #    3 extents in FREE-SPACE, effective block size = 1024
2011-03-13 02:15:51 TRACE  [work<T>.show(50)] # extent 		physical		 logical	  length	user_data
2011-03-13 02:15:51 TRACE  [work<T>.show(57)]        0	        1770	        1770	       7	(0)
2011-03-13 02:15:51 TRACE  [work<T>.show(57)]        1	        1778	        1778	     256	(0)
2011-03-13 02:15:51 TRACE  [work<T>.show(57)]        2	        2036	        2036	      12	(0)
2011-03-13 02:15:51 TRACE  [work<T>.show(63)] 
2011-03-13 02:15:51 DEBUG  [work<T>.show(47)] #   11 extents in DEVICE, effective block size = 1024
2011-03-13 02:15:51 TRACE  [work<T>.show(50)] # extent 		physical		 logical	  length	user_data
2011-03-13 02:15:51 TRACE  [work<T>.show(57)]        0	           0	           0	      48	(0)
2011-03-13 02:15:51 TRACE  [work<T>.show(57)]        1	          52	          52	       2	(0)
2011-03-13 02:15:51 TRACE  [work<T>.show(57)]        2	         118	         118	       1	(0)
2011-03-13 02:15:51 TRACE  [work<T>.show(57)]        3	         178	         178	       1	(0)
2011-03-13 02:15:51 TRACE  [work<T>.show(57)]        4	         185	         185	       1	(0)
2011-03-13 02:15:51 TRACE  [work<T>.show(57)]        5	         193	         193	       1	(0)
2011-03-13 02:15:51 TRACE  [work<T>.show(57)]        6	         200	         200	       1	(0)
2011-03-13 02:15:51 TRACE  [work<T>.show(57)]        7	         208	         208	       1	(0)
2011-03-13 02:15:51 TRACE  [work<T>.show(57)]        8	         217	         217	       1	(0)
2011-03-13 02:15:51 TRACE  [work<T>.show(57)]        9	        1777	        1777	       1	(0)
2011-03-13 02:15:51 TRACE  [work<T>.show(57)]       10	        2034	        2034	       2	(0)
2011-03-13 02:15:51 TRACE  [work<T>.show(63)] 
2011-03-13 02:15:51 DEBUG  [work<T>.show(47)] #    1 extent  in initial LOOP-HOLES, effective block size = 1024
2011-03-13 02:15:51 TRACE  [work<T>.show(50)] # extent 		physical		 logical	  length	user_data
2011-03-13 02:15:51 TRACE  [work<T>.show(57)]        0	        1649	        1649	     335	(0)
2011-03-13 02:15:51 TRACE  [work<T>.show(63)] 
2011-03-13 02:15:51 DEBUG  [work<T>.show(47)] #    1 extent  in DEVICE (invariant), effective block size = 1024
2011-03-13 02:15:51 TRACE  [work<T>.show(50)] # extent 		physical		 logical	  length	user_data
2011-03-13 02:15:51 TRACE  [work<T>.show(57)]        0	        1777	        1777	       1	(0)
2011-03-13 02:15:51 TRACE  [work<T>.show(63)] 
2011-03-13 02:15:51 DEBUG  [work<T>.show(47)] #    2 extents in LOOP-HOLES after DEVICE (invariant), effective block size = 1024
2011-03-13 02:15:51 TRACE  [work<T>.show(50)] # extent 		physical		 logical	  length	user_data
2011-03-13 02:15:51 TRACE  [work<T>.show(57)]        0	        1649	        1649	     128	(0)
2011-03-13 02:15:51 TRACE  [work<T>.show(57)]        1	        1778	        1778	     206	(0)
2011-03-13 02:15:51 TRACE  [work<T>.show(63)] 
2011-03-13 02:15:51 DEBUG  [work<T>.show(47)] #   10 extents in DEVICE (renumbered), effective block size = 1024
2011-03-13 02:15:51 TRACE  [work<T>.show(50)] # extent 		physical		 logical	  length	user_data
2011-03-13 02:15:51 TRACE  [work<T>.show(57)]        0	           0	        1649	      48	(0)
2011-03-13 02:15:51 TRACE  [work<T>.show(57)]        1	          52	        1697	       2	(0)
2011-03-13 02:15:51 TRACE  [work<T>.show(57)]        2	         118	        1699	       1	(0)
2011-03-13 02:15:51 TRACE  [work<T>.show(57)]        3	         178	        1700	       1	(0)
2011-03-13 02:15:51 TRACE  [work<T>.show(57)]        4	         185	        1701	       1	(0)
2011-03-13 02:15:51 TRACE  [work<T>.show(57)]        5	         193	        1702	       1	(0)
2011-03-13 02:15:51 TRACE  [work<T>.show(57)]        6	         200	        1703	       1	(0)
2011-03-13 02:15:51 TRACE  [work<T>.show(57)]        7	         208	        1704	       1	(0)
2011-03-13 02:15:51 TRACE  [work<T>.show(57)]        8	         217	        1705	       1	(0)
2011-03-13 02:15:51 TRACE  [work<T>.show(57)]        9	        2034	        1706	       2	(0)
2011-03-13 02:15:51 TRACE  [work<T>.show(63)] 
2011-03-13 02:15:51 DEBUG  [work<T>.show(47)] #    2 extents in final LOOP-HOLES, effective block size = 1024
2011-03-13 02:15:51 TRACE  [work<T>.show(50)] # extent 		physical		 logical	  length	user_data
2011-03-13 02:15:51 TRACE  [work<T>.show(57)]        0	        1708	        1708	      69	(0)
2011-03-13 02:15:51 TRACE  [work<T>.show(57)]        1	        1778	        1778	     206	(0)
2011-03-13 02:15:51 TRACE  [work<T>.show(63)] 
2011-03-13 02:15:51 DEBUG  [work<T>.show(61)] #   no extents in LOOP-FILE (invariant)
2011-03-13 02:15:51 TRACE  [work<T>.show(63)] 
2011-03-13 02:15:51 DEBUG  [work<T>.show(47)] #  114 extents in DEVICE + LOOP-FILE (merged), effective block size = 1024
2011-03-13 02:15:51 TRACE  [work<T>.show(50)] # extent 		physical		 logical	  length	user_data
2011-03-13 02:15:51 TRACE  [work<T>.show(57)]        0	           0	        1649	      48	(0)
2011-03-13 02:15:51 TRACE  [work<T>.show(57)]        1	          48	           1	       3	(1)
2011-03-13 02:15:51 TRACE  [work<T>.show(57)]        2	          51	           0	       1	(1)
2011-03-13 02:15:51 TRACE  [work<T>.show(57)]        3	          52	        1697	       2	(0)
2011-03-13 02:15:51 TRACE  [work<T>.show(57)]        4	          54	        1984	      64	(1)
2011-03-13 02:15:51 TRACE  [work<T>.show(57)]        5	         118	        1699	       1	(0)
2011-03-13 02:15:51 TRACE  [work<T>.show(57)]        6	         119	          12	      32	(1)
2011-03-13 02:15:51 TRACE  [work<T>.show(57)]        7	         151	          45	       1	(1)
2011-03-13 02:15:51 TRACE  [work<T>.show(57)]        8	         152	          44	       1	(1)
2011-03-13 02:15:51 TRACE  [work<T>.show(57)]        9	         153	          46	      11	(1)
2011-03-13 02:15:51 TRACE  [work<T>.show(57)]       10	         164	           4	       3	(1)
2011-03-13 02:15:51 TRACE  [work<T>.show(57)]       11	         167	          10	       2	(1)
2011-03-13 02:15:51 TRACE  [work<T>.show(57)]       12	         169	           7	       1	(1)
2011-03-13 02:15:51 TRACE  [work<T>.show(57)]       13	         170	          57	       1	(1)
2011-03-13 02:15:51 TRACE  [work<T>.show(57)]       14	         171	           9	       1	(1)
2011-03-13 02:15:51 TRACE  [work<T>.show(57)]       15	         172	           8	       1	(1)
2011-03-13 02:15:51 TRACE  [work<T>.show(57)]       16	         173	          73	       1	(1)
2011-03-13 02:15:51 TRACE  [work<T>.show(57)]       17	         174	         127	       1	(1)
2011-03-13 02:15:51 TRACE  [work<T>.show(57)]       18	         175	         165	       1	(1)
2011-03-13 02:15:51 TRACE  [work<T>.show(57)]       19	         176	         210	       1	(1)
2011-03-13 02:15:51 TRACE  [work<T>.show(57)]       20	         177	         246	       1	(1)
2011-03-13 02:15:51 TRACE  [work<T>.show(57)]       21	         178	        1700	       1	(0)
2011-03-13 02:15:51 TRACE  [work<T>.show(57)]       22	         179	         277	       1	(1)
2011-03-13 02:15:51 TRACE  [work<T>.show(57)]       23	         180	         339	       1	(1)
2011-03-13 02:15:51 TRACE  [work<T>.show(57)]       24	         181	         376	       1	(1)
2011-03-13 02:15:51 TRACE  [work<T>.show(57)]       25	         182	         420	       1	(1)
2011-03-13 02:15:51 TRACE  [work<T>.show(57)]       26	         183	         457	       1	(1)
2011-03-13 02:15:51 TRACE  [work<T>.show(57)]       27	         184	         494	       1	(1)
2011-03-13 02:15:51 TRACE  [work<T>.show(57)]       28	         185	        1701	       1	(0)
2011-03-13 02:15:51 TRACE  [work<T>.show(57)]       29	         186	         530	       1	(1)
2011-03-13 02:15:51 TRACE  [work<T>.show(57)]       30	         187	         579	       1	(1)
2011-03-13 02:15:51 TRACE  [work<T>.show(57)]       31	         188	         607	       1	(1)
2011-03-13 02:15:51 TRACE  [work<T>.show(57)]       32	         189	         624	       1	(1)
2011-03-13 02:15:51 TRACE  [work<T>.show(57)]       33	         190	         659	       1	(1)
2011-03-13 02:15:51 TRACE  [work<T>.show(57)]       34	         191	         727	       1	(1)
2011-03-13 02:15:51 TRACE  [work<T>.show(57)]       35	         192	         749	       1	(1)
2011-03-13 02:15:51 TRACE  [work<T>.show(57)]       36	         193	        1702	       1	(0)
2011-03-13 02:15:51 TRACE  [work<T>.show(57)]       37	         194	         805	       1	(1)
2011-03-13 02:15:51 TRACE  [work<T>.show(57)]       38	         195	         846	       1	(1)
2011-03-13 02:15:51 TRACE  [work<T>.show(57)]       39	         196	         901	       1	(1)
2011-03-13 02:15:51 TRACE  [work<T>.show(57)]       40	         197	         915	       1	(1)
2011-03-13 02:15:51 TRACE  [work<T>.show(57)]       41	         198	         988	       1	(1)
2011-03-13 02:15:51 TRACE  [work<T>.show(57)]       42	         199	        1015	       1	(1)
2011-03-13 02:15:51 TRACE  [work<T>.show(57)]       43	         200	        1703	       1	(0)
2011-03-13 02:15:51 TRACE  [work<T>.show(57)]       44	         201	        1041	       1	(1)
2011-03-13 02:15:51 TRACE  [work<T>.show(57)]       45	         202	        1095	       1	(1)
2011-03-13 02:15:51 TRACE  [work<T>.show(57)]       46	         203	        1117	       1	(1)
2011-03-13 02:15:51 TRACE  [work<T>.show(57)]       47	         204	        1150	       1	(1)
2011-03-13 02:15:51 TRACE  [work<T>.show(57)]       48	         205	        1199	       1	(1)
2011-03-13 02:15:51 TRACE  [work<T>.show(57)]       49	         206	        1216	       1	(1)
2011-03-13 02:15:51 TRACE  [work<T>.show(57)]       50	         207	        1273	       1	(1)
2011-03-13 02:15:51 TRACE  [work<T>.show(57)]       51	         208	        1704	       1	(0)
2011-03-13 02:15:51 TRACE  [work<T>.show(57)]       52	         209	        1297	       1	(1)
2011-03-13 02:15:51 TRACE  [work<T>.show(57)]       53	         210	        1341	       1	(1)
2011-03-13 02:15:51 TRACE  [work<T>.show(57)]       54	         211	        1362	       1	(1)
2011-03-13 02:15:51 TRACE  [work<T>.show(57)]       55	         212	        1393	       1	(1)
2011-03-13 02:15:51 TRACE  [work<T>.show(57)]       56	         213	        1454	       1	(1)
2011-03-13 02:15:51 TRACE  [work<T>.show(57)]       57	         214	        1478	       1	(1)
2011-03-13 02:15:51 TRACE  [work<T>.show(57)]       58	         215	        1505	       1	(1)
2011-03-13 02:15:51 TRACE  [work<T>.show(57)]       59	         216	        1526	       1	(1)
2011-03-13 02:15:51 TRACE  [work<T>.show(57)]       60	         217	        1705	       1	(0)
2011-03-13 02:15:51 TRACE  [work<T>.show(57)]       61	         218	        1594	       1	(1)
2011-03-13 02:15:51 TRACE  [work<T>.show(57)]       62	         219	        1611	       1	(1)
2011-03-13 02:15:51 TRACE  [work<T>.show(57)]       63	         220	        1636	       1	(1)
2011-03-13 02:15:51 TRACE  [work<T>.show(57)]       64	         221	          58	       3	(1)
2011-03-13 02:15:51 TRACE  [work<T>.show(57)]       65	         224	         152	       1	(1)
2011-03-13 02:15:51 TRACE  [work<T>.show(57)]       66	         225	          61	      12	(1)
2011-03-13 02:15:51 TRACE  [work<T>.show(57)]       67	         237	          74	      53	(1)
2011-03-13 02:15:51 TRACE  [work<T>.show(57)]       68	         290	         128	      24	(1)
2011-03-13 02:15:51 TRACE  [work<T>.show(57)]       69	         314	         153	      12	(1)
2011-03-13 02:15:51 TRACE  [work<T>.show(57)]       70	         326	         166	      44	(1)
2011-03-13 02:15:51 TRACE  [work<T>.show(57)]       71	         370	         211	      35	(1)
2011-03-13 02:15:51 TRACE  [work<T>.show(57)]       72	         405	         247	      30	(1)
2011-03-13 02:15:51 TRACE  [work<T>.show(57)]       73	         435	         278	      43	(1)
2011-03-13 02:15:51 TRACE  [work<T>.show(57)]       74	         478	         867	       1	(1)
2011-03-13 02:15:51 TRACE  [work<T>.show(57)]       75	         479	         321	      18	(1)
2011-03-13 02:15:51 TRACE  [work<T>.show(57)]       76	         497	         340	      36	(1)
2011-03-13 02:15:51 TRACE  [work<T>.show(57)]       77	         533	         377	      43	(1)
2011-03-13 02:15:51 TRACE  [work<T>.show(57)]       78	         576	         421	      36	(1)
2011-03-13 02:15:51 TRACE  [work<T>.show(57)]       79	         612	         458	      36	(1)
2011-03-13 02:15:51 TRACE  [work<T>.show(57)]       80	         648	         495	      35	(1)
2011-03-13 02:15:51 TRACE  [work<T>.show(57)]       81	         683	         531	      48	(1)
2011-03-13 02:15:51 TRACE  [work<T>.show(57)]       82	         731	         580	      27	(1)
2011-03-13 02:15:51 TRACE  [work<T>.show(57)]       83	         758	         608	      16	(1)
2011-03-13 02:15:51 TRACE  [work<T>.show(57)]       84	         774	         625	      34	(1)
2011-03-13 02:15:51 TRACE  [work<T>.show(57)]       85	         808	         660	      67	(1)
2011-03-13 02:15:51 TRACE  [work<T>.show(57)]       86	         875	         728	      21	(1)
2011-03-13 02:15:51 TRACE  [work<T>.show(57)]       87	         896	         750	      55	(1)
2011-03-13 02:15:51 TRACE  [work<T>.show(57)]       88	         951	         806	      40	(1)
2011-03-13 02:15:51 TRACE  [work<T>.show(57)]       89	         991	         847	      20	(1)
2011-03-13 02:15:51 TRACE  [work<T>.show(57)]       90	        1011	         868	      33	(1)
2011-03-13 02:15:51 TRACE  [work<T>.show(57)]       91	        1044	         902	      13	(1)
2011-03-13 02:15:51 TRACE  [work<T>.show(57)]       92	        1057	         916	      72	(1)
2011-03-13 02:15:51 TRACE  [work<T>.show(57)]       93	        1129	         989	      26	(1)
2011-03-13 02:15:51 TRACE  [work<T>.show(57)]       94	        1155	        1016	      25	(1)
2011-03-13 02:15:51 TRACE  [work<T>.show(57)]       95	        1180	        1042	      53	(1)
2011-03-13 02:15:51 TRACE  [work<T>.show(57)]       96	        1233	        1096	      21	(1)
2011-03-13 02:15:51 TRACE  [work<T>.show(57)]       97	        1254	        1118	      32	(1)
2011-03-13 02:15:51 TRACE  [work<T>.show(57)]       98	        1286	        1151	      48	(1)
2011-03-13 02:15:51 TRACE  [work<T>.show(57)]       99	        1334	        1200	      16	(1)
2011-03-13 02:15:51 TRACE  [work<T>.show(57)]      100	        1350	        1217	      56	(1)
2011-03-13 02:15:51 TRACE  [work<T>.show(57)]      101	        1406	        1274	      23	(1)
2011-03-13 02:15:51 TRACE  [work<T>.show(57)]      102	        1429	        1298	      43	(1)
2011-03-13 02:15:51 TRACE  [work<T>.show(57)]      103	        1472	        1342	      20	(1)
2011-03-13 02:15:51 TRACE  [work<T>.show(57)]      104	        1492	        1363	      30	(1)
2011-03-13 02:15:51 TRACE  [work<T>.show(57)]      105	        1522	        1394	      60	(1)
2011-03-13 02:15:51 TRACE  [work<T>.show(57)]      106	        1582	        1455	      23	(1)
2011-03-13 02:15:51 TRACE  [work<T>.show(57)]      107	        1605	        1479	      26	(1)
2011-03-13 02:15:51 TRACE  [work<T>.show(57)]      108	        1631	        1506	      20	(1)
2011-03-13 02:15:51 TRACE  [work<T>.show(57)]      109	        1651	        1527	      67	(1)
2011-03-13 02:15:51 TRACE  [work<T>.show(57)]      110	        1718	        1595	      16	(1)
2011-03-13 02:15:51 TRACE  [work<T>.show(57)]      111	        1734	        1612	      24	(1)
2011-03-13 02:15:51 TRACE  [work<T>.show(57)]      112	        1758	        1637	      12	(1)
2011-03-13 02:15:51 TRACE  [work<T>.show(57)]      113	        2034	        1706	       2	(0)
2011-03-13 02:15:51 TRACE  [work<T>.show(63)] 
2011-03-13 02:15:51 NOTICE [work<T>.analyze(410)] analysis completed: 1.73 megabytes must be relocated
2011-03-13 02:15:51 DEBUG  [work<T>.show(47)] #    2 extents in PRIMARY-STORAGE (invariant), effective block size = 1024
2011-03-13 02:15:51 TRACE  [work<T>.show(50)] # extent 		physical		 logical	  length	user_data
2011-03-13 02:15:51 TRACE  [work<T>.show(57)]        0	        1770	        1770	       7	(0)
2011-03-13 02:15:51 TRACE  [work<T>.show(57)]        1	        1778	        1778	     206	(0)
2011-03-13 02:15:51 TRACE  [work<T>.show(63)] 
2011-03-13 02:15:51 DEBUG  [work<T>.show(47)] #    2 extents in PRIMARY-STORAGE (invariant, contiguous, aligned), effective block size = 1024
2011-03-13 02:15:51 TRACE  [work<T>.show(50)] # extent 		physical		 logical	  length	user_data
2011-03-13 02:15:51 TRACE  [work<T>.show(57)]        0	        1772	        1772	       4	(0)
2011-03-13 02:15:51 TRACE  [work<T>.show(57)]        1	        1780	        1780	     204	(0)
2011-03-13 02:15:51 TRACE  [work<T>.show(63)] 
2011-03-13 02:15:51 INFO   [work<T>.analyze(465)] PRIMARY-STORAGE: located 208.00 kilobytes (2 fragments) usable in DEVICE (free, invariant, contiguous and aligned)
2011-03-13 02:15:51 INFO   [work<T>.create_storage(559)] PRIMARY-STORAGE: actually using 208.00 kilobytes (2 fragments) from DEVICE
2011-03-13 02:15:51 DEBUG  [work<T>.show(47)] #    2 extents in PRIMARY-STORAGE (actually used), effective block size = 1024
2011-03-13 02:15:51 TRACE  [work<T>.show(50)] # extent 		physical		 logical	  length	user_data
2011-03-13 02:15:51 TRACE  [work<T>.show(57)]        0	        1772	        1772	       4	(0)
2011-03-13 02:15:51 TRACE  [work<T>.show(57)]        1	        1780	        1780	     204	(0)
2011-03-13 02:15:51 TRACE  [work<T>.show(63)] 
2011-03-13 02:15:51 DEBUG  [io/io_posix.create_storage(285)] STORAGE: preemptively reserved contiguous RAM, mmap(length = 1048576, PROT_NONE, MAP_PRIVATE|MAP_ANONYMOUS, -1) = ok
2011-03-13 02:15:51 DEBUG  [io/io_posix.create_secondary_storage(414)] creating SECONDARY-STORAGE file ...
2011-03-13 02:15:51 INFO   [io/io_posix.create_secondary_storage(463)] SECONDARY-STORAGE created, 816.00 kilobytes written to './.fstransform/job.36.storage'
2011-03-13 02:15:51 TRACE  [io/io_posix.replace_storage_mmap(383)] PRIMARY-STORAGE extent #0 mapped in RAM, mmap(address + 0, length = 4096, MAP_FIXED) = ok
2011-03-13 02:15:51 TRACE  [io/io_posix.replace_storage_mmap(383)] PRIMARY-STORAGE extent #1 mapped in RAM, mmap(address + 4096, length = 208896, MAP_FIXED) = ok
2011-03-13 02:15:51 TRACE  [io/io_posix.replace_storage_mmap(383)] SECONDARY-STORAGE extent #0 mapped in RAM, mmap(address + 212992, length = 835584, MAP_FIXED) = ok
2011-03-13 02:15:51 NOTICE [io/io_posix.create_storage(323)] PRIMARY and SECONDARY storage initialized and mmapped() to 1.00 megabytes of contiguous RAM
