2011-03-15 05:42:36 NOTICE [job.init(97)] starting job 9
2011-03-15 05:42:36 INFO   [job.init(98)] job persistent data and logs will be in './.fstransform/job.9'
2011-03-15 05:42:36 DEBUG  [io/io_posix.open(136)] device length is 2.00 megabytes
2011-03-15 05:42:36 INFO   [transform.run(398)] analyzing device '/dev/loop0', this may take some minutes ...
2011-03-15 05:42:36 DEBUG  [io/extent_posix.ff_linux_fiemap_ioctl(149)] ioctl(5, FS_IOC_FIEMAP, extents[0]) failed (Operation not supported), falling back on ioctl(FIBMAP) ...
2011-03-15 05:42:36 DEBUG  [io/extent_posix.ff_posix_fibmap(121)] ioctl(5, FIBMAP) succeeded
2011-03-15 05:42:36 DEBUG  [io/extent_posix.ff_linux_fiemap_ioctl(149)] ioctl(6, FS_IOC_FIEMAP, extents[0]) failed (Operation not supported), falling back on ioctl(FIBMAP) ...
2011-03-15 05:42:36 DEBUG  [io/extent_posix.ff_posix_fibmap(121)] ioctl(6, FIBMAP) succeeded
2011-03-15 05:42:36 DEBUG  [io/io.read_extents(76)] device effective block size = 1024
2011-03-15 05:42:36 DEBUG  [dispatch.main(29)] using reduced (32 bit) relocation algorithm: lower memory usage
2011-03-15 05:42:36 DEBUG  [work<T>.show(52)] #  104 extents in loop-file
2011-03-15 05:42:36 TRACE  [work<T>.show(55)] # effective block size = 1024
2011-03-15 05:42:36 TRACE  [work<T>.show(71)] #  extent		physical		 logical	  length	user_data
2011-03-15 05:42:36 TRACE  [work<T>.show(79)] #       0	          48	           1	       3	(0)
2011-03-15 05:42:36 TRACE  [work<T>.show(79)] #       1	          51	           0	       1	(0)
2011-03-15 05:42:36 TRACE  [work<T>.show(79)] #       2	          54	        1984	      64	(0)
2011-03-15 05:42:36 TRACE  [work<T>.show(79)] #       3	         119	          12	      32	(0)
2011-03-15 05:42:36 TRACE  [work<T>.show(79)] #       4	         151	          45	       1	(0)
2011-03-15 05:42:36 TRACE  [work<T>.show(79)] #       5	         152	          44	       1	(0)
2011-03-15 05:42:36 TRACE  [work<T>.show(79)] #       6	         153	          46	      11	(0)
2011-03-15 05:42:36 TRACE  [work<T>.show(79)] #       7	         164	           4	       3	(0)
2011-03-15 05:42:36 TRACE  [work<T>.show(79)] #       8	         167	          10	       2	(0)
2011-03-15 05:42:36 TRACE  [work<T>.show(79)] #       9	         169	           7	       1	(0)
2011-03-15 05:42:36 TRACE  [work<T>.show(79)] #      10	         170	          57	       1	(0)
2011-03-15 05:42:36 TRACE  [work<T>.show(79)] #      11	         171	           9	       1	(0)
2011-03-15 05:42:36 TRACE  [work<T>.show(79)] #      12	         172	           8	       1	(0)
2011-03-15 05:42:36 TRACE  [work<T>.show(79)] #      13	         173	          73	       1	(0)
2011-03-15 05:42:36 TRACE  [work<T>.show(79)] #      14	         174	         127	       1	(0)
2011-03-15 05:42:36 TRACE  [work<T>.show(79)] #      15	         175	         165	       1	(0)
2011-03-15 05:42:36 TRACE  [work<T>.show(79)] #      16	         176	         210	       1	(0)
2011-03-15 05:42:36 TRACE  [work<T>.show(79)] #      17	         177	         246	       1	(0)
2011-03-15 05:42:36 TRACE  [work<T>.show(79)] #      18	         179	         277	       1	(0)
2011-03-15 05:42:36 TRACE  [work<T>.show(79)] #      19	         180	         339	       1	(0)
2011-03-15 05:42:36 TRACE  [work<T>.show(79)] #      20	         181	         376	       1	(0)
2011-03-15 05:42:36 TRACE  [work<T>.show(79)] #      21	         182	         420	       1	(0)
2011-03-15 05:42:36 TRACE  [work<T>.show(79)] #      22	         183	         457	       1	(0)
2011-03-15 05:42:36 TRACE  [work<T>.show(79)] #      23	         184	         494	       1	(0)
2011-03-15 05:42:36 TRACE  [work<T>.show(79)] #      24	         186	         530	       1	(0)
2011-03-15 05:42:36 TRACE  [work<T>.show(79)] #      25	         187	         579	       1	(0)
2011-03-15 05:42:36 TRACE  [work<T>.show(79)] #      26	         188	         607	       1	(0)
2011-03-15 05:42:36 TRACE  [work<T>.show(79)] #      27	         189	         624	       1	(0)
2011-03-15 05:42:36 TRACE  [work<T>.show(79)] #      28	         190	         659	       1	(0)
2011-03-15 05:42:36 TRACE  [work<T>.show(79)] #      29	         191	         727	       1	(0)
2011-03-15 05:42:36 TRACE  [work<T>.show(79)] #      30	         192	         749	       1	(0)
2011-03-15 05:42:36 TRACE  [work<T>.show(79)] #      31	         194	         805	       1	(0)
2011-03-15 05:42:36 TRACE  [work<T>.show(79)] #      32	         195	         846	       1	(0)
2011-03-15 05:42:36 TRACE  [work<T>.show(79)] #      33	         196	         901	       1	(0)
2011-03-15 05:42:36 TRACE  [work<T>.show(79)] #      34	         197	         915	       1	(0)
2011-03-15 05:42:36 TRACE  [work<T>.show(79)] #      35	         198	         988	       1	(0)
2011-03-15 05:42:36 TRACE  [work<T>.show(79)] #      36	         199	        1015	       1	(0)
2011-03-15 05:42:36 TRACE  [work<T>.show(79)] #      37	         201	        1041	       1	(0)
2011-03-15 05:42:36 TRACE  [work<T>.show(79)] #      38	         202	        1095	       1	(0)
2011-03-15 05:42:36 TRACE  [work<T>.show(79)] #      39	         203	        1117	       1	(0)
2011-03-15 05:42:36 TRACE  [work<T>.show(79)] #      40	         204	        1150	       1	(0)
2011-03-15 05:42:36 TRACE  [work<T>.show(79)] #      41	         205	        1199	       1	(0)
2011-03-15 05:42:36 TRACE  [work<T>.show(79)] #      42	         206	        1216	       1	(0)
2011-03-15 05:42:36 TRACE  [work<T>.show(79)] #      43	         207	        1273	       1	(0)
2011-03-15 05:42:36 TRACE  [work<T>.show(79)] #      44	         209	        1297	       1	(0)
2011-03-15 05:42:36 TRACE  [work<T>.show(79)] #      45	         210	        1341	       1	(0)
2011-03-15 05:42:36 TRACE  [work<T>.show(79)] #      46	         211	        1362	       1	(0)
2011-03-15 05:42:36 TRACE  [work<T>.show(79)] #      47	         212	        1393	       1	(0)
2011-03-15 05:42:36 TRACE  [work<T>.show(79)] #      48	         213	        1454	       1	(0)
2011-03-15 05:42:36 TRACE  [work<T>.show(79)] #      49	         214	        1478	       1	(0)
2011-03-15 05:42:36 TRACE  [work<T>.show(79)] #      50	         215	        1505	       1	(0)
2011-03-15 05:42:36 TRACE  [work<T>.show(79)] #      51	         216	        1526	       1	(0)
2011-03-15 05:42:36 TRACE  [work<T>.show(79)] #      52	         218	        1594	       1	(0)
2011-03-15 05:42:36 TRACE  [work<T>.show(79)] #      53	         219	        1611	       1	(0)
2011-03-15 05:42:36 TRACE  [work<T>.show(79)] #      54	         220	        1636	       1	(0)
2011-03-15 05:42:36 TRACE  [work<T>.show(79)] #      55	         221	          58	       3	(0)
2011-03-15 05:42:36 TRACE  [work<T>.show(79)] #      56	         224	         152	       1	(0)
2011-03-15 05:42:36 TRACE  [work<T>.show(79)] #      57	         225	          61	      12	(0)
2011-03-15 05:42:36 TRACE  [work<T>.show(79)] #      58	         237	          74	      53	(0)
2011-03-15 05:42:36 TRACE  [work<T>.show(79)] #      59	         290	         128	      24	(0)
2011-03-15 05:42:36 TRACE  [work<T>.show(79)] #      60	         314	         153	      12	(0)
2011-03-15 05:42:36 TRACE  [work<T>.show(79)] #      61	         326	         166	      44	(0)
2011-03-15 05:42:36 TRACE  [work<T>.show(79)] #      62	         370	         211	      35	(0)
2011-03-15 05:42:36 TRACE  [work<T>.show(79)] #      63	         405	         247	      30	(0)
2011-03-15 05:42:36 TRACE  [work<T>.show(79)] #      64	         435	         278	      43	(0)
2011-03-15 05:42:36 TRACE  [work<T>.show(79)] #      65	         478	         867	       1	(0)
2011-03-15 05:42:36 TRACE  [work<T>.show(79)] #      66	         479	         321	      18	(0)
2011-03-15 05:42:36 TRACE  [work<T>.show(79)] #      67	         497	         340	      36	(0)
2011-03-15 05:42:36 TRACE  [work<T>.show(79)] #      68	         533	         377	      43	(0)
2011-03-15 05:42:36 TRACE  [work<T>.show(79)] #      69	         576	         421	      36	(0)
2011-03-15 05:42:36 TRACE  [work<T>.show(79)] #      70	         612	         458	      36	(0)
2011-03-15 05:42:36 TRACE  [work<T>.show(79)] #      71	         648	         495	      35	(0)
2011-03-15 05:42:36 TRACE  [work<T>.show(79)] #      72	         683	         531	      48	(0)
2011-03-15 05:42:36 TRACE  [work<T>.show(79)] #      73	         731	         580	      27	(0)
2011-03-15 05:42:36 TRACE  [work<T>.show(79)] #      74	         758	         608	      16	(0)
2011-03-15 05:42:36 TRACE  [work<T>.show(79)] #      75	         774	         625	      34	(0)
2011-03-15 05:42:36 TRACE  [work<T>.show(79)] #      76	         808	         660	      67	(0)
2011-03-15 05:42:36 TRACE  [work<T>.show(79)] #      77	         875	         728	      21	(0)
2011-03-15 05:42:36 TRACE  [work<T>.show(79)] #      78	         896	         750	      55	(0)
2011-03-15 05:42:36 TRACE  [work<T>.show(79)] #      79	         951	         806	      40	(0)
2011-03-15 05:42:36 TRACE  [work<T>.show(79)] #      80	         991	         847	      20	(0)
2011-03-15 05:42:36 TRACE  [work<T>.show(79)] #      81	        1011	         868	      33	(0)
2011-03-15 05:42:36 TRACE  [work<T>.show(79)] #      82	        1044	         902	      13	(0)
2011-03-15 05:42:36 TRACE  [work<T>.show(79)] #      83	        1057	         916	      72	(0)
2011-03-15 05:42:36 TRACE  [work<T>.show(79)] #      84	        1129	         989	      26	(0)
2011-03-15 05:42:36 TRACE  [work<T>.show(79)] #      85	        1155	        1016	      25	(0)
2011-03-15 05:42:36 TRACE  [work<T>.show(79)] #      86	        1180	        1042	      53	(0)
2011-03-15 05:42:36 TRACE  [work<T>.show(79)] #      87	        1233	        1096	      21	(0)
2011-03-15 05:42:36 TRACE  [work<T>.show(79)] #      88	        1254	        1118	      32	(0)
2011-03-15 05:42:36 TRACE  [work<T>.show(79)] #      89	        1286	        1151	      48	(0)
2011-03-15 05:42:36 TRACE  [work<T>.show(79)] #      90	        1334	        1200	      16	(0)
2011-03-15 05:42:36 TRACE  [work<T>.show(79)] #      91	        1350	        1217	      56	(0)
2011-03-15 05:42:36 TRACE  [work<T>.show(79)] #      92	        1406	        1274	      23	(0)
2011-03-15 05:42:36 TRACE  [work<T>.show(79)] #      93	        1429	        1298	      43	(0)
2011-03-15 05:42:36 TRACE  [work<T>.show(79)] #      94	        1472	        1342	      20	(0)
2011-03-15 05:42:36 TRACE  [work<T>.show(79)] #      95	        1492	        1363	      30	(0)
2011-03-15 05:42:36 TRACE  [work<T>.show(79)] #      96	        1522	        1394	      60	(0)
2011-03-15 05:42:36 TRACE  [work<T>.show(79)] #      97	        1582	        1455	      23	(0)
2011-03-15 05:42:36 TRACE  [work<T>.show(79)] #      98	        1605	        1479	      26	(0)
2011-03-15 05:42:36 TRACE  [work<T>.show(79)] #      99	        1631	        1506	      20	(0)
2011-03-15 05:42:36 TRACE  [work<T>.show(79)] #     100	        1651	        1527	      67	(0)
2011-03-15 05:42:36 TRACE  [work<T>.show(79)] #     101	        1718	        1595	      16	(0)
2011-03-15 05:42:36 TRACE  [work<T>.show(79)] #     102	        1734	        1612	      24	(0)
2011-03-15 05:42:36 TRACE  [work<T>.show(79)] #     103	        1758	        1637	      12	(0)
2011-03-15 05:42:36 TRACE  [work<T>.show(64)] 
2011-03-15 05:42:36 DEBUG  [work<T>.show(52)] #    3 extents in free-space
2011-03-15 05:42:36 TRACE  [work<T>.show(55)] # effective block size = 1024
2011-03-15 05:42:36 TRACE  [work<T>.show(71)] #  extent		physical		 logical	  length	user_data
2011-03-15 05:42:36 TRACE  [work<T>.show(79)] #       0	        1770	        1770	       7	(0)
2011-03-15 05:42:36 TRACE  [work<T>.show(79)] #       1	        1778	        1778	     256	(0)
2011-03-15 05:42:36 TRACE  [work<T>.show(79)] #       2	        2036	        2036	      12	(0)
2011-03-15 05:42:36 TRACE  [work<T>.show(64)] 
2011-03-15 05:42:36 DEBUG  [work<T>.show(52)] #   11 extents in device
2011-03-15 05:42:36 TRACE  [work<T>.show(55)] # effective block size = 1024
2011-03-15 05:42:36 TRACE  [work<T>.show(71)] #  extent		physical		 logical	  length	user_data
2011-03-15 05:42:36 TRACE  [work<T>.show(79)] #       0	           0	           0	      48	(0)
2011-03-15 05:42:36 TRACE  [work<T>.show(79)] #       1	          52	          52	       2	(0)
2011-03-15 05:42:36 TRACE  [work<T>.show(79)] #       2	         118	         118	       1	(0)
2011-03-15 05:42:36 TRACE  [work<T>.show(79)] #       3	         178	         178	       1	(0)
2011-03-15 05:42:36 TRACE  [work<T>.show(79)] #       4	         185	         185	       1	(0)
2011-03-15 05:42:36 TRACE  [work<T>.show(79)] #       5	         193	         193	       1	(0)
2011-03-15 05:42:36 TRACE  [work<T>.show(79)] #       6	         200	         200	       1	(0)
2011-03-15 05:42:36 TRACE  [work<T>.show(79)] #       7	         208	         208	       1	(0)
2011-03-15 05:42:36 TRACE  [work<T>.show(79)] #       8	         217	         217	       1	(0)
2011-03-15 05:42:36 TRACE  [work<T>.show(79)] #       9	        1777	        1777	       1	(0)
2011-03-15 05:42:36 TRACE  [work<T>.show(79)] #      10	        2034	        2034	       2	(0)
2011-03-15 05:42:36 TRACE  [work<T>.show(64)] 
2011-03-15 05:42:36 DEBUG  [work<T>.show(52)] #    1 extent  in loop-holes (initial)
2011-03-15 05:42:36 TRACE  [work<T>.show(55)] # effective block size = 1024
2011-03-15 05:42:36 TRACE  [work<T>.show(71)] #  extent		physical		 logical	  length	user_data
2011-03-15 05:42:36 TRACE  [work<T>.show(79)] #       0	        1649	        1649	     335	(0)
2011-03-15 05:42:36 TRACE  [work<T>.show(64)] 
2011-03-15 05:42:36 DEBUG  [work<T>.show(52)] #    1 extent  in device (invariant)
2011-03-15 05:42:36 TRACE  [work<T>.show(55)] # effective block size = 1024
2011-03-15 05:42:36 TRACE  [work<T>.show(71)] #  extent		physical		 logical	  length	user_data
2011-03-15 05:42:36 TRACE  [work<T>.show(79)] #       0	        1777	        1777	       1	(0)
2011-03-15 05:42:36 TRACE  [work<T>.show(64)] 
2011-03-15 05:42:36 DEBUG  [work<T>.show(52)] #    2 extents in loop-holes after device (invariant)
2011-03-15 05:42:36 TRACE  [work<T>.show(55)] # effective block size = 1024
2011-03-15 05:42:36 TRACE  [work<T>.show(71)] #  extent		physical		 logical	  length	user_data
2011-03-15 05:42:36 TRACE  [work<T>.show(79)] #       0	        1649	        1649	     128	(0)
2011-03-15 05:42:36 TRACE  [work<T>.show(79)] #       1	        1778	        1778	     206	(0)
2011-03-15 05:42:36 TRACE  [work<T>.show(64)] 
2011-03-15 05:42:36 DEBUG  [work<T>.show(52)] #   10 extents in device (renumbered)
2011-03-15 05:42:36 TRACE  [work<T>.show(55)] # effective block size = 1024
2011-03-15 05:42:36 TRACE  [work<T>.show(71)] #  extent		physical		 logical	  length	user_data
2011-03-15 05:42:36 TRACE  [work<T>.show(79)] #       0	           0	        1649	      48	(0)
2011-03-15 05:42:36 TRACE  [work<T>.show(79)] #       1	          52	        1697	       2	(0)
2011-03-15 05:42:36 TRACE  [work<T>.show(79)] #       2	         118	        1699	       1	(0)
2011-03-15 05:42:36 TRACE  [work<T>.show(79)] #       3	         178	        1700	       1	(0)
2011-03-15 05:42:36 TRACE  [work<T>.show(79)] #       4	         185	        1701	       1	(0)
2011-03-15 05:42:36 TRACE  [work<T>.show(79)] #       5	         193	        1702	       1	(0)
2011-03-15 05:42:36 TRACE  [work<T>.show(79)] #       6	         200	        1703	       1	(0)
2011-03-15 05:42:36 TRACE  [work<T>.show(79)] #       7	         208	        1704	       1	(0)
2011-03-15 05:42:36 TRACE  [work<T>.show(79)] #       8	         217	        1705	       1	(0)
2011-03-15 05:42:36 TRACE  [work<T>.show(79)] #       9	        2034	        1706	       2	(0)
2011-03-15 05:42:36 TRACE  [work<T>.show(64)] 
2011-03-15 05:42:36 DEBUG  [work<T>.show(52)] #    2 extents in loop-holes (final)
2011-03-15 05:42:36 TRACE  [work<T>.show(55)] # effective block size = 1024
2011-03-15 05:42:36 TRACE  [work<T>.show(71)] #  extent		physical		 logical	  length	user_data
2011-03-15 05:42:36 TRACE  [work<T>.show(79)] #       0	        1708	        1708	      69	(0)
2011-03-15 05:42:36 TRACE  [work<T>.show(79)] #       1	        1778	        1778	     206	(0)
2011-03-15 05:42:36 TRACE  [work<T>.show(64)] 
2011-03-15 05:42:36 DEBUG  [work<T>.show(62)] #   no extents in loop-file (invariant)
2011-03-15 05:42:36 TRACE  [work<T>.show(64)] 
2011-03-15 05:42:36 DEBUG  [work<T>.show(52)] #  114 extents in device + loop-file (merged)
2011-03-15 05:42:36 TRACE  [work<T>.show(55)] # effective block size = 1024
2011-03-15 05:42:36 TRACE  [work<T>.show(71)] #  extent		physical		 logical	  length	user_data
2011-03-15 05:42:36 TRACE  [work<T>.show(79)] #       0	           0	        1649	      48	(0)
2011-03-15 05:42:36 TRACE  [work<T>.show(79)] #       1	          48	           1	       3	(1)
2011-03-15 05:42:36 TRACE  [work<T>.show(79)] #       2	          51	           0	       1	(1)
2011-03-15 05:42:36 TRACE  [work<T>.show(79)] #       3	          52	        1697	       2	(0)
2011-03-15 05:42:36 TRACE  [work<T>.show(79)] #       4	          54	        1984	      64	(1)
2011-03-15 05:42:36 TRACE  [work<T>.show(79)] #       5	         118	        1699	       1	(0)
2011-03-15 05:42:36 TRACE  [work<T>.show(79)] #       6	         119	          12	      32	(1)
2011-03-15 05:42:36 TRACE  [work<T>.show(79)] #       7	         151	          45	       1	(1)
2011-03-15 05:42:36 TRACE  [work<T>.show(79)] #       8	         152	          44	       1	(1)
2011-03-15 05:42:36 TRACE  [work<T>.show(79)] #       9	         153	          46	      11	(1)
2011-03-15 05:42:36 TRACE  [work<T>.show(79)] #      10	         164	           4	       3	(1)
2011-03-15 05:42:36 TRACE  [work<T>.show(79)] #      11	         167	          10	       2	(1)
2011-03-15 05:42:36 TRACE  [work<T>.show(79)] #      12	         169	           7	       1	(1)
2011-03-15 05:42:36 TRACE  [work<T>.show(79)] #      13	         170	          57	       1	(1)
2011-03-15 05:42:36 TRACE  [work<T>.show(79)] #      14	         171	           9	       1	(1)
2011-03-15 05:42:36 TRACE  [work<T>.show(79)] #      15	         172	           8	       1	(1)
2011-03-15 05:42:36 TRACE  [work<T>.show(79)] #      16	         173	          73	       1	(1)
2011-03-15 05:42:36 TRACE  [work<T>.show(79)] #      17	         174	         127	       1	(1)
2011-03-15 05:42:36 TRACE  [work<T>.show(79)] #      18	         175	         165	       1	(1)
2011-03-15 05:42:36 TRACE  [work<T>.show(79)] #      19	         176	         210	       1	(1)
2011-03-15 05:42:36 TRACE  [work<T>.show(79)] #      20	         177	         246	       1	(1)
2011-03-15 05:42:36 TRACE  [work<T>.show(79)] #      21	         178	        1700	       1	(0)
2011-03-15 05:42:36 TRACE  [work<T>.show(79)] #      22	         179	         277	       1	(1)
2011-03-15 05:42:36 TRACE  [work<T>.show(79)] #      23	         180	         339	       1	(1)
2011-03-15 05:42:36 TRACE  [work<T>.show(79)] #      24	         181	         376	       1	(1)
2011-03-15 05:42:36 TRACE  [work<T>.show(79)] #      25	         182	         420	       1	(1)
2011-03-15 05:42:36 TRACE  [work<T>.show(79)] #      26	         183	         457	       1	(1)
2011-03-15 05:42:36 TRACE  [work<T>.show(79)] #      27	         184	         494	       1	(1)
2011-03-15 05:42:36 TRACE  [work<T>.show(79)] #      28	         185	        1701	       1	(0)
2011-03-15 05:42:36 TRACE  [work<T>.show(79)] #      29	         186	         530	       1	(1)
2011-03-15 05:42:36 TRACE  [work<T>.show(79)] #      30	         187	         579	       1	(1)
2011-03-15 05:42:36 TRACE  [work<T>.show(79)] #      31	         188	         607	       1	(1)
2011-03-15 05:42:36 TRACE  [work<T>.show(79)] #      32	         189	         624	       1	(1)
2011-03-15 05:42:36 TRACE  [work<T>.show(79)] #      33	         190	         659	       1	(1)
2011-03-15 05:42:36 TRACE  [work<T>.show(79)] #      34	         191	         727	       1	(1)
2011-03-15 05:42:36 TRACE  [work<T>.show(79)] #      35	         192	         749	       1	(1)
2011-03-15 05:42:36 TRACE  [work<T>.show(79)] #      36	         193	        1702	       1	(0)
2011-03-15 05:42:36 TRACE  [work<T>.show(79)] #      37	         194	         805	       1	(1)
2011-03-15 05:42:36 TRACE  [work<T>.show(79)] #      38	         195	         846	       1	(1)
2011-03-15 05:42:36 TRACE  [work<T>.show(79)] #      39	         196	         901	       1	(1)
2011-03-15 05:42:36 TRACE  [work<T>.show(79)] #      40	         197	         915	       1	(1)
2011-03-15 05:42:36 TRACE  [work<T>.show(79)] #      41	         198	         988	       1	(1)
2011-03-15 05:42:36 TRACE  [work<T>.show(79)] #      42	         199	        1015	       1	(1)
2011-03-15 05:42:36 TRACE  [work<T>.show(79)] #      43	         200	        1703	       1	(0)
2011-03-15 05:42:36 TRACE  [work<T>.show(79)] #      44	         201	        1041	       1	(1)
2011-03-15 05:42:36 TRACE  [work<T>.show(79)] #      45	         202	        1095	       1	(1)
2011-03-15 05:42:36 TRACE  [work<T>.show(79)] #      46	         203	        1117	       1	(1)
2011-03-15 05:42:36 TRACE  [work<T>.show(79)] #      47	         204	        1150	       1	(1)
2011-03-15 05:42:36 TRACE  [work<T>.show(79)] #      48	         205	        1199	       1	(1)
2011-03-15 05:42:36 TRACE  [work<T>.show(79)] #      49	         206	        1216	       1	(1)
2011-03-15 05:42:36 TRACE  [work<T>.show(79)] #      50	         207	        1273	       1	(1)
2011-03-15 05:42:36 TRACE  [work<T>.show(79)] #      51	         208	        1704	       1	(0)
2011-03-15 05:42:36 TRACE  [work<T>.show(79)] #      52	         209	        1297	       1	(1)
2011-03-15 05:42:36 TRACE  [work<T>.show(79)] #      53	         210	        1341	       1	(1)
2011-03-15 05:42:36 TRACE  [work<T>.show(79)] #      54	         211	        1362	       1	(1)
2011-03-15 05:42:36 TRACE  [work<T>.show(79)] #      55	         212	        1393	       1	(1)
2011-03-15 05:42:36 TRACE  [work<T>.show(79)] #      56	         213	        1454	       1	(1)
2011-03-15 05:42:36 TRACE  [work<T>.show(79)] #      57	         214	        1478	       1	(1)
2011-03-15 05:42:36 TRACE  [work<T>.show(79)] #      58	         215	        1505	       1	(1)
2011-03-15 05:42:36 TRACE  [work<T>.show(79)] #      59	         216	        1526	       1	(1)
2011-03-15 05:42:36 TRACE  [work<T>.show(79)] #      60	         217	        1705	       1	(0)
2011-03-15 05:42:36 TRACE  [work<T>.show(79)] #      61	         218	        1594	       1	(1)
2011-03-15 05:42:36 TRACE  [work<T>.show(79)] #      62	         219	        1611	       1	(1)
2011-03-15 05:42:36 TRACE  [work<T>.show(79)] #      63	         220	        1636	       1	(1)
2011-03-15 05:42:36 TRACE  [work<T>.show(79)] #      64	         221	          58	       3	(1)
2011-03-15 05:42:36 TRACE  [work<T>.show(79)] #      65	         224	         152	       1	(1)
2011-03-15 05:42:36 TRACE  [work<T>.show(79)] #      66	         225	          61	      12	(1)
2011-03-15 05:42:36 TRACE  [work<T>.show(79)] #      67	         237	          74	      53	(1)
2011-03-15 05:42:36 TRACE  [work<T>.show(79)] #      68	         290	         128	      24	(1)
2011-03-15 05:42:36 TRACE  [work<T>.show(79)] #      69	         314	         153	      12	(1)
2011-03-15 05:42:36 TRACE  [work<T>.show(79)] #      70	         326	         166	      44	(1)
2011-03-15 05:42:36 TRACE  [work<T>.show(79)] #      71	         370	         211	      35	(1)
2011-03-15 05:42:36 TRACE  [work<T>.show(79)] #      72	         405	         247	      30	(1)
2011-03-15 05:42:36 TRACE  [work<T>.show(79)] #      73	         435	         278	      43	(1)
2011-03-15 05:42:36 TRACE  [work<T>.show(79)] #      74	         478	         867	       1	(1)
2011-03-15 05:42:36 TRACE  [work<T>.show(79)] #      75	         479	         321	      18	(1)
2011-03-15 05:42:36 TRACE  [work<T>.show(79)] #      76	         497	         340	      36	(1)
2011-03-15 05:42:36 TRACE  [work<T>.show(79)] #      77	         533	         377	      43	(1)
2011-03-15 05:42:36 TRACE  [work<T>.show(79)] #      78	         576	         421	      36	(1)
2011-03-15 05:42:36 TRACE  [work<T>.show(79)] #      79	         612	         458	      36	(1)
2011-03-15 05:42:36 TRACE  [work<T>.show(79)] #      80	         648	         495	      35	(1)
2011-03-15 05:42:36 TRACE  [work<T>.show(79)] #      81	         683	         531	      48	(1)
2011-03-15 05:42:36 TRACE  [work<T>.show(79)] #      82	         731	         580	      27	(1)
2011-03-15 05:42:36 TRACE  [work<T>.show(79)] #      83	         758	         608	      16	(1)
2011-03-15 05:42:36 TRACE  [work<T>.show(79)] #      84	         774	         625	      34	(1)
2011-03-15 05:42:36 TRACE  [work<T>.show(79)] #      85	         808	         660	      67	(1)
2011-03-15 05:42:36 TRACE  [work<T>.show(79)] #      86	         875	         728	      21	(1)
2011-03-15 05:42:36 TRACE  [work<T>.show(79)] #      87	         896	         750	      55	(1)
2011-03-15 05:42:36 TRACE  [work<T>.show(79)] #      88	         951	         806	      40	(1)
2011-03-15 05:42:36 TRACE  [work<T>.show(79)] #      89	         991	         847	      20	(1)
2011-03-15 05:42:36 TRACE  [work<T>.show(79)] #      90	        1011	         868	      33	(1)
2011-03-15 05:42:36 TRACE  [work<T>.show(79)] #      91	        1044	         902	      13	(1)
2011-03-15 05:42:36 TRACE  [work<T>.show(79)] #      92	        1057	         916	      72	(1)
2011-03-15 05:42:36 TRACE  [work<T>.show(79)] #      93	        1129	         989	      26	(1)
2011-03-15 05:42:36 TRACE  [work<T>.show(79)] #      94	        1155	        1016	      25	(1)
2011-03-15 05:42:36 TRACE  [work<T>.show(79)] #      95	        1180	        1042	      53	(1)
2011-03-15 05:42:36 TRACE  [work<T>.show(79)] #      96	        1233	        1096	      21	(1)
2011-03-15 05:42:36 TRACE  [work<T>.show(79)] #      97	        1254	        1118	      32	(1)
2011-03-15 05:42:36 TRACE  [work<T>.show(79)] #      98	        1286	        1151	      48	(1)
2011-03-15 05:42:36 TRACE  [work<T>.show(79)] #      99	        1334	        1200	      16	(1)
2011-03-15 05:42:36 TRACE  [work<T>.show(79)] #     100	        1350	        1217	      56	(1)
2011-03-15 05:42:36 TRACE  [work<T>.show(79)] #     101	        1406	        1274	      23	(1)
2011-03-15 05:42:36 TRACE  [work<T>.show(79)] #     102	        1429	        1298	      43	(1)
2011-03-15 05:42:36 TRACE  [work<T>.show(79)] #     103	        1472	        1342	      20	(1)
2011-03-15 05:42:36 TRACE  [work<T>.show(79)] #     104	        1492	        1363	      30	(1)
2011-03-15 05:42:36 TRACE  [work<T>.show(79)] #     105	        1522	        1394	      60	(1)
2011-03-15 05:42:36 TRACE  [work<T>.show(79)] #     106	        1582	        1455	      23	(1)
2011-03-15 05:42:36 TRACE  [work<T>.show(79)] #     107	        1605	        1479	      26	(1)
2011-03-15 05:42:36 TRACE  [work<T>.show(79)] #     108	        1631	        1506	      20	(1)
2011-03-15 05:42:36 TRACE  [work<T>.show(79)] #     109	        1651	        1527	      67	(1)
2011-03-15 05:42:36 TRACE  [work<T>.show(79)] #     110	        1718	        1595	      16	(1)
2011-03-15 05:42:36 TRACE  [work<T>.show(79)] #     111	        1734	        1612	      24	(1)
2011-03-15 05:42:36 TRACE  [work<T>.show(79)] #     112	        1758	        1637	      12	(1)
2011-03-15 05:42:36 TRACE  [work<T>.show(79)] #     113	        2034	        1706	       2	(0)
2011-03-15 05:42:36 TRACE  [work<T>.show(64)] 
2011-03-15 05:42:36 NOTICE [work<T>.analyze(445)] analysis completed: 1.73 megabytes must be relocated
2011-03-15 05:42:36 DEBUG  [work<T>.show(52)] #    2 extents in free-space (invariant)
2011-03-15 05:42:36 TRACE  [work<T>.show(55)] # effective block size = 1024
2011-03-15 05:42:36 TRACE  [work<T>.show(71)] #  extent		physical		 logical	  length	user_data
2011-03-15 05:42:36 TRACE  [work<T>.show(79)] #       0	        1770	        1770	       7	(0)
2011-03-15 05:42:36 TRACE  [work<T>.show(79)] #       1	        1778	        1778	     206	(0)
2011-03-15 05:42:36 TRACE  [work<T>.show(64)] 
2011-03-15 05:42:36 DEBUG  [work<T>.show(52)] #    2 extents in primary-storage (= free-space, invariant, contiguous, aligned)
2011-03-15 05:42:36 TRACE  [work<T>.show(55)] # effective block size = 1024
2011-03-15 05:42:36 TRACE  [work<T>.show(71)] #  extent		physical		 logical	  length	user_data
2011-03-15 05:42:36 TRACE  [work<T>.show(79)] #       0	        1772	        1772	       4	(0)
2011-03-15 05:42:36 TRACE  [work<T>.show(79)] #       1	        1780	        1780	     204	(0)
2011-03-15 05:42:36 TRACE  [work<T>.show(64)] 
2011-03-15 05:42:36 INFO   [work<T>.analyze(500)] primary-storage: located 208.00 kilobytes (2 fragments) usable in device (free, invariant, contiguous and aligned)
2011-03-15 05:42:36 INFO   [work<T>.fill_io_primary_storage(722)] primary-storage: actually using 208.00 kilobytes (2 fragments) from device
2011-03-15 05:42:36 DEBUG  [work<T>.show(52)] #    2 extents in primary-storage (actually used)
2011-03-15 05:42:36 TRACE  [work<T>.show(55)] # effective block size = 1024
2011-03-15 05:42:36 TRACE  [work<T>.show(71)] #  extent		physical		 logical	  length	user_data
2011-03-15 05:42:36 TRACE  [work<T>.show(79)] #       0	        1772	        1772	       4	(0)
2011-03-15 05:42:36 TRACE  [work<T>.show(79)] #       1	        1780	        1780	     204	(0)
2011-03-15 05:42:36 TRACE  [work<T>.show(64)] 
2011-03-15 05:42:36 DEBUG  [io/io_posix.create_storage(325)] storage: preemptively reserved contiguous RAM, mmap(length = 1048576, PROT_NONE, MAP_PRIVATE|MAP_ANONYMOUS, -1) = ok
2011-03-15 05:42:36 INFO   [io/io_posix.create_secondary_storage(474)] secondary-storage: writing 816.00 kilobytes to './.fstransform/job.9/storage.bin' ...
2011-03-15 05:42:36 INFO   [io/io_posix.create_secondary_storage(505)] secondary-storage file created
2011-03-15 05:42:36 TRACE  [io/io_posix.replace_storage_mmap(424)] primary-storage extent #0 mapped in RAM, mmap(address + 0, length = 4096, MAP_FIXED) = ok
2011-03-15 05:42:36 TRACE  [io/io_posix.replace_storage_mmap(424)] primary-storage extent #1 mapped in RAM, mmap(address + 4096, length = 208896, MAP_FIXED) = ok
2011-03-15 05:42:36 TRACE  [io/io_posix.replace_storage_mmap(424)] secondary-storage extent #0 mapped in RAM, mmap(address + 212992, length = 835584, MAP_FIXED) = ok
2011-03-15 05:42:36 NOTICE [io/io_posix.create_storage(363)] primary-storage and secondary-storage initialized and mmapped() to 1.00 megabytes of contiguous RAM
2011-03-15 05:42:36 NOTICE [work<T>.relocate(732)] 
2011-03-15 05:42:36 NOTICE [work<T>.relocate(733)] relocate starting. this may take a LONG time ...
2011-03-15 05:42:36 DEBUG  [work<T>.fill_storage(770)] filling storage by reading 1.00 megabytes from device ...
2011-03-15 05:42:36 TRACE  [work<T>.show(71)] #  extent		physical		 logical	  length	user_data
2011-03-15 05:42:36 TRACE  [work<T>.show(79)] #       0	           0	        1649	      48	(0)
2011-03-15 05:42:36 TRACE  [work<T>.show(79)] #       1	          48	           1	       3	(1)
2011-03-15 05:42:36 TRACE  [work<T>.show(79)] #       2	          51	           0	       1	(1)
2011-03-15 05:42:36 TRACE  [work<T>.show(79)] #       3	          52	        1697	       2	(0)
2011-03-15 05:42:36 TRACE  [work<T>.show(79)] #       4	          54	        1984	      64	(1)
2011-03-15 05:42:36 TRACE  [work<T>.show(79)] #       5	         118	        1699	       1	(0)
2011-03-15 05:42:36 TRACE  [work<T>.show(79)] #       6	         119	          12	      32	(1)
2011-03-15 05:42:36 TRACE  [work<T>.show(79)] #       7	         151	          45	       1	(1)
2011-03-15 05:42:36 TRACE  [work<T>.show(79)] #       8	         152	          44	       1	(1)
2011-03-15 05:42:36 TRACE  [work<T>.show(79)] #       9	         153	          46	      11	(1)
2011-03-15 05:42:36 TRACE  [work<T>.show(79)] #      10	         164	           4	       3	(1)
2011-03-15 05:42:36 TRACE  [work<T>.show(79)] #      11	         167	          10	       2	(1)
2011-03-15 05:42:36 TRACE  [work<T>.show(79)] #      12	         169	           7	       1	(1)
2011-03-15 05:42:36 TRACE  [work<T>.show(79)] #      13	         170	          57	       1	(1)
2011-03-15 05:42:36 TRACE  [work<T>.show(79)] #      14	         171	           9	       1	(1)
2011-03-15 05:42:36 TRACE  [work<T>.show(79)] #      15	         172	           8	       1	(1)
2011-03-15 05:42:36 TRACE  [work<T>.show(79)] #      16	         173	          73	       1	(1)
2011-03-15 05:42:36 TRACE  [work<T>.show(79)] #      17	         174	         127	       1	(1)
2011-03-15 05:42:36 TRACE  [work<T>.show(79)] #      18	         175	         165	       1	(1)
2011-03-15 05:42:36 TRACE  [work<T>.show(79)] #      19	         176	         210	       1	(1)
2011-03-15 05:42:36 TRACE  [work<T>.show(79)] #      20	         177	         246	       1	(1)
2011-03-15 05:42:36 TRACE  [work<T>.show(79)] #      21	         178	        1700	       1	(0)
2011-03-15 05:42:36 TRACE  [work<T>.show(79)] #      22	         179	         277	       1	(1)
2011-03-15 05:42:36 TRACE  [work<T>.show(79)] #      23	         180	         339	       1	(1)
2011-03-15 05:42:36 TRACE  [work<T>.show(79)] #      24	         181	         376	       1	(1)
2011-03-15 05:42:36 TRACE  [work<T>.show(79)] #      25	         182	         420	       1	(1)
2011-03-15 05:42:36 TRACE  [work<T>.show(79)] #      26	         183	         457	       1	(1)
2011-03-15 05:42:36 TRACE  [work<T>.show(79)] #      27	         184	         494	       1	(1)
2011-03-15 05:42:36 TRACE  [work<T>.show(79)] #      28	         185	        1701	       1	(0)
2011-03-15 05:42:36 TRACE  [work<T>.show(79)] #      29	         186	         530	       1	(1)
2011-03-15 05:42:36 TRACE  [work<T>.show(79)] #      30	         187	         579	       1	(1)
2011-03-15 05:42:36 TRACE  [work<T>.show(79)] #      31	         188	         607	       1	(1)
2011-03-15 05:42:36 TRACE  [work<T>.show(79)] #      32	         189	         624	       1	(1)
2011-03-15 05:42:36 TRACE  [work<T>.show(79)] #      33	         190	         659	       1	(1)
2011-03-15 05:42:36 TRACE  [work<T>.show(79)] #      34	         191	         727	       1	(1)
2011-03-15 05:42:36 TRACE  [work<T>.show(79)] #      35	         192	         749	       1	(1)
2011-03-15 05:42:36 TRACE  [work<T>.show(79)] #      36	         193	        1702	       1	(0)
2011-03-15 05:42:36 TRACE  [work<T>.show(79)] #      37	         194	         805	       1	(1)
2011-03-15 05:42:36 TRACE  [work<T>.show(79)] #      38	         195	         846	       1	(1)
2011-03-15 05:42:36 TRACE  [work<T>.show(79)] #      39	         196	         901	       1	(1)
2011-03-15 05:42:36 TRACE  [work<T>.show(79)] #      40	         197	         915	       1	(1)
2011-03-15 05:42:36 TRACE  [work<T>.show(79)] #      41	         198	         988	       1	(1)
2011-03-15 05:42:36 TRACE  [work<T>.show(79)] #      42	         199	        1015	       1	(1)
2011-03-15 05:42:36 TRACE  [work<T>.show(79)] #      43	         200	        1703	       1	(0)
2011-03-15 05:42:36 TRACE  [work<T>.show(79)] #      44	         201	        1041	       1	(1)
2011-03-15 05:42:36 TRACE  [work<T>.show(79)] #      45	         202	        1095	       1	(1)
2011-03-15 05:42:36 TRACE  [work<T>.show(79)] #      46	         203	        1117	       1	(1)
2011-03-15 05:42:36 TRACE  [work<T>.show(79)] #      47	         204	        1150	       1	(1)
2011-03-15 05:42:36 TRACE  [work<T>.show(79)] #      48	         205	        1199	       1	(1)
2011-03-15 05:42:36 TRACE  [work<T>.show(79)] #      49	         206	        1216	       1	(1)
2011-03-15 05:42:36 TRACE  [work<T>.show(79)] #      50	         207	        1273	       1	(1)
2011-03-15 05:42:36 TRACE  [work<T>.show(79)] #      51	         208	        1704	       1	(0)
2011-03-15 05:42:36 TRACE  [work<T>.show(79)] #      52	         209	        1297	       1	(1)
2011-03-15 05:42:36 TRACE  [work<T>.show(79)] #      53	         210	        1341	       1	(1)
2011-03-15 05:42:36 TRACE  [work<T>.show(79)] #      54	         211	        1362	       1	(1)
2011-03-15 05:42:36 TRACE  [work<T>.show(79)] #      55	         212	        1393	       1	(1)
2011-03-15 05:42:36 TRACE  [work<T>.show(79)] #      56	         213	        1454	       1	(1)
2011-03-15 05:42:36 TRACE  [work<T>.show(79)] #      57	         214	        1478	       1	(1)
2011-03-15 05:42:36 TRACE  [work<T>.show(79)] #      58	         215	        1505	       1	(1)
2011-03-15 05:42:36 TRACE  [work<T>.show(79)] #      59	         216	        1526	       1	(1)
2011-03-15 05:42:36 TRACE  [work<T>.show(79)] #      60	         217	        1705	       1	(0)
2011-03-15 05:42:36 TRACE  [work<T>.show(79)] #      61	         218	        1594	       1	(1)
2011-03-15 05:42:36 TRACE  [work<T>.show(79)] #      62	         219	        1611	       1	(1)
2011-03-15 05:42:36 TRACE  [work<T>.show(79)] #      63	         220	        1636	       1	(1)
2011-03-15 05:42:36 TRACE  [work<T>.show(79)] #      64	         221	          58	       3	(1)
2011-03-15 05:42:36 TRACE  [work<T>.show(79)] #      65	         224	         152	       1	(1)
2011-03-15 05:42:36 TRACE  [work<T>.show(79)] #      66	         225	          61	      12	(1)
2011-03-15 05:42:36 TRACE  [work<T>.show(79)] #      67	         237	          74	      53	(1)
2011-03-15 05:42:36 TRACE  [work<T>.show(79)] #      68	         290	         128	      24	(1)
2011-03-15 05:42:36 TRACE  [work<T>.show(79)] #      69	         314	         153	      12	(1)
2011-03-15 05:42:36 TRACE  [work<T>.show(79)] #      70	         326	         166	      44	(1)
2011-03-15 05:42:36 TRACE  [work<T>.show(79)] #      71	         370	         211	      35	(1)
2011-03-15 05:42:36 TRACE  [work<T>.show(79)] #      72	         405	         247	      30	(1)
2011-03-15 05:42:36 TRACE  [work<T>.show(79)] #      73	         435	         278	      43	(1)
2011-03-15 05:42:36 TRACE  [work<T>.show(79)] #      74	         478	         867	       1	(1)
2011-03-15 05:42:36 TRACE  [work<T>.show(79)] #      75	         479	         321	      18	(1)
2011-03-15 05:42:36 TRACE  [work<T>.show(79)] #      76	         497	         340	      36	(1)
2011-03-15 05:42:36 TRACE  [work<T>.show(79)] #      77	         533	         377	      43	(1)
2011-03-15 05:42:36 TRACE  [work<T>.show(79)] #      78	         576	         421	      36	(1)
2011-03-15 05:42:36 TRACE  [work<T>.show(79)] #      79	         612	         458	      36	(1)
2011-03-15 05:42:36 TRACE  [work<T>.show(79)] #      80	         648	         495	      35	(1)
2011-03-15 05:42:36 TRACE  [work<T>.show(79)] #      81	         683	         531	      48	(1)
2011-03-15 05:42:36 TRACE  [work<T>.show(79)] #      82	         731	         580	      27	(1)
2011-03-15 05:42:36 TRACE  [work<T>.show(79)] #      83	         758	         608	      16	(1)
2011-03-15 05:42:36 TRACE  [work<T>.show(79)] #      84	         774	         625	      34	(1)
2011-03-15 05:42:36 TRACE  [work<T>.show(79)] #      85	         808	         660	      67	(1)
2011-03-15 05:42:36 TRACE  [work<T>.show(79)] #      86	         875	         728	      21	(1)
2011-03-15 05:42:36 TRACE  [work<T>.show(79)] #      87	         896	         750	      55	(1)
2011-03-15 05:42:36 TRACE  [work<T>.show(79)] #      88	         951	         806	      40	(1)
2011-03-15 05:42:36 TRACE  [work<T>.show(79)] #      89	         991	         847	      20	(1)
2011-03-15 05:42:36 TRACE  [work<T>.show(79)] #      90	        1011	         868	      13	(1)
2011-03-15 05:42:36 DEBUG  [io/io_posix.flush_bytes(640)] device ff_posix_read(4, address + 0, length = 1048576) = ok
2011-03-15 05:42:36 DEBUG  [work<T>.fill_storage(784)] storage filled
2011-03-15 05:42:36 ERROR  [work<T>.run(142)] failed with unreported error: Operation not permitted
