2011-03-14 00:56:13 NOTICE [job.init(97)] starting job 3
2011-03-14 00:56:13 INFO   [job.init(98)] job persistent data and logs will be in './.fstransform/job.3'
2011-03-14 00:56:13 DEBUG  [io/io_posix.open(120)] device length is 2.00 megabytes
2011-03-14 00:56:13 INFO   [transform.run(398)] analyzing device '/dev/loop0', this may take some minutes ...
2011-03-14 00:56:13 DEBUG  [io/extent_posix.ff_linux_fiemap_allocate_and_ioctl(149)] ioctl(5, FS_IOC_FIEMAP, extents[0]) failed (Operation not supported), falling back on ioctl(FIBMAP) ...
2011-03-14 00:56:13 DEBUG  [io/extent_posix.ff_posix_fibmap(121)] ioctl(5, FIBMAP) succeeded
2011-03-14 00:56:13 DEBUG  [io/extent_posix.ff_linux_fiemap_allocate_and_ioctl(149)] ioctl(6, FS_IOC_FIEMAP, extents[0]) failed (Operation not supported), falling back on ioctl(FIBMAP) ...
2011-03-14 00:56:13 DEBUG  [io/extent_posix.ff_posix_fibmap(121)] ioctl(6, FIBMAP) succeeded
2011-03-14 00:56:13 DEBUG  [io/io.read_extents(76)] device effective block size = 1024
2011-03-14 00:56:13 DEBUG  [dispatch.main(29)] using reduced (32 bit) relocation algorithm: lower memory usage
2011-03-14 00:56:13 DEBUG  [work<T>.show(52)] #  104 extents in loop-file
2011-03-14 00:56:13 DEBUG  [work<T>.show(52)] #    3 extents in free-space
2011-03-14 00:56:13 DEBUG  [work<T>.show(52)] #   11 extents in device
2011-03-14 00:56:13 DEBUG  [work<T>.show(52)] #    1 extent  in loop-holes (initial)
2011-03-14 00:56:13 DEBUG  [work<T>.show(52)] #    1 extent  in device (invariant)
2011-03-14 00:56:13 DEBUG  [work<T>.show(52)] #    2 extents in loop-holes after device (invariant)
2011-03-14 00:56:13 DEBUG  [work<T>.show(52)] #   10 extents in device (renumbered)
2011-03-14 00:56:13 DEBUG  [work<T>.show(52)] #    2 extents in loop-holes (final)
2011-03-14 00:56:13 DEBUG  [work<T>.show(67)] #   no extents in loop-file (invariant)
2011-03-14 00:56:13 DEBUG  [work<T>.show(52)] #  114 extents in device + loop-file (merged)
2011-03-14 00:56:13 NOTICE [work<T>.analyze(434)] analysis completed: 1.73 megabytes must be relocated
2011-03-14 00:56:13 DEBUG  [work<T>.show(52)] #    2 extents in free-space (invariant)
2011-03-14 00:56:13 DEBUG  [work<T>.show(52)] #    2 extents in primary-storage (= free-space, invariant, contiguous, aligned)
2011-03-14 00:56:13 INFO   [work<T>.analyze(489)] primary-storage: located 208.00 kilobytes (2 fragments) usable in device (free, invariant, contiguous and aligned)
2011-03-14 00:56:13 INFO   [work<T>.create_storage(643)] primary-storage: actually using 208.00 kilobytes (2 fragments) from device
2011-03-14 00:56:13 DEBUG  [work<T>.show(52)] #    2 extents in primary-storage (actually used)
2011-03-14 00:56:13 DEBUG  [io/io_posix.create_storage(290)] storage: preemptively reserved contiguous RAM, mmap(length = 1048576, PROT_NONE, MAP_PRIVATE|MAP_ANONYMOUS, -1) = ok
2011-03-14 00:56:13 INFO   [io/io_posix.create_secondary_storage(439)] secondary-storage: writing 816.00 kilobytes to './.fstransform/job.3.storage' ...
2011-03-14 00:56:13 INFO   [io/io_posix.create_secondary_storage(470)] secondary-storage file created
2011-03-14 00:56:13 NOTICE [io/io_posix.create_storage(328)] primary-storage and secondary-storage: initialized and mmapped() to 1.00 megabytes of contiguous RAM
